{"/home/adamoutler/git/joplin-server-vector-memory-mcp/client/src/index.js": {"path":"/home/adamoutler/git/joplin-server-vector-memory-mcp/client/src/index.js","all":false,"statementMap":{"0":{"start":{"line":1,"column":0},"end":{"line":1,"column":49}},"1":{"start":{"line":2,"column":0},"end":{"line":2,"column":32}},"2":{"start":{"line":3,"column":0},"end":{"line":3,"column":79}},"3":{"start":{"line":4,"column":0},"end":{"line":4,"column":28}},"4":{"start":{"line":5,"column":0},"end":{"line":5,"column":3}},"5":{"start":{"line":6,"column":0},"end":{"line":6,"column":1}},"6":{"start":{"line":7,"column":0},"end":{"line":7,"column":35}},"7":{"start":{"line":8,"column":0},"end":{"line":8,"column":29}},"8":{"start":{"line":9,"column":0},"end":{"line":9,"column":48}},"9":{"start":{"line":10,"column":0},"end":{"line":10,"column":33}},"10":{"start":{"line":11,"column":0},"end":{"line":11,"column":25}},"11":{"start":{"line":12,"column":0},"end":{"line":12,"column":29}},"12":{"start":{"line":13,"column":0},"end":{"line":13,"column":47}},"13":{"start":{"line":14,"column":0},"end":{"line":14,"column":113}},"14":{"start":{"line":15,"column":0},"end":{"line":15,"column":33}},"15":{"start":{"line":16,"column":0},"end":{"line":16,"column":0}},"16":{"start":{"line":17,"column":0},"end":{"line":17,"column":23}},"17":{"start":{"line":18,"column":0},"end":{"line":18,"column":89}},"18":{"start":{"line":19,"column":0},"end":{"line":19,"column":56}},"19":{"start":{"line":20,"column":0},"end":{"line":20,"column":93}},"20":{"start":{"line":21,"column":0},"end":{"line":21,"column":94}},"21":{"start":{"line":22,"column":0},"end":{"line":22,"column":102}},"22":{"start":{"line":23,"column":0},"end":{"line":23,"column":23}},"23":{"start":{"line":24,"column":0},"end":{"line":24,"column":28}},"24":{"start":{"line":25,"column":0},"end":{"line":25,"column":7}},"25":{"start":{"line":26,"column":0},"end":{"line":26,"column":51}},"26":{"start":{"line":27,"column":0},"end":{"line":27,"column":80}},"27":{"start":{"line":28,"column":0},"end":{"line":28,"column":98}},"28":{"start":{"line":29,"column":0},"end":{"line":29,"column":17}},"29":{"start":{"line":30,"column":0},"end":{"line":30,"column":54}},"30":{"start":{"line":31,"column":0},"end":{"line":31,"column":3}},"31":{"start":{"line":32,"column":0},"end":{"line":32,"column":1}},"32":{"start":{"line":33,"column":0},"end":{"line":33,"column":0}},"33":{"start":{"line":34,"column":0},"end":{"line":34,"column":22}},"34":{"start":{"line":35,"column":0},"end":{"line":35,"column":16}},"35":{"start":{"line":36,"column":0},"end":{"line":36,"column":0}},"36":{"start":{"line":37,"column":0},"end":{"line":37,"column":53}},"37":{"start":{"line":38,"column":0},"end":{"line":38,"column":29}},"38":{"start":{"line":39,"column":0},"end":{"line":39,"column":38}},"39":{"start":{"line":40,"column":0},"end":{"line":40,"column":85}},"40":{"start":{"line":41,"column":0},"end":{"line":41,"column":26}},"41":{"start":{"line":42,"column":0},"end":{"line":42,"column":25}},"42":{"start":{"line":43,"column":0},"end":{"line":43,"column":5}},"43":{"start":{"line":44,"column":0},"end":{"line":44,"column":19}},"44":{"start":{"line":45,"column":0},"end":{"line":45,"column":1}},"45":{"start":{"line":46,"column":0},"end":{"line":46,"column":0}},"46":{"start":{"line":47,"column":0},"end":{"line":47,"column":0}},"47":{"start":{"line":48,"column":0},"end":{"line":48,"column":67}},"48":{"start":{"line":49,"column":0},"end":{"line":49,"column":71}},"49":{"start":{"line":50,"column":0},"end":{"line":50,"column":0}},"50":{"start":{"line":51,"column":0},"end":{"line":51,"column":84}},"51":{"start":{"line":52,"column":0},"end":{"line":52,"column":29}},"52":{"start":{"line":53,"column":0},"end":{"line":53,"column":145}},"53":{"start":{"line":54,"column":0},"end":{"line":54,"column":45}},"54":{"start":{"line":55,"column":0},"end":{"line":55,"column":47}},"55":{"start":{"line":56,"column":0},"end":{"line":56,"column":64}},"56":{"start":{"line":57,"column":0},"end":{"line":57,"column":48}},"57":{"start":{"line":58,"column":0},"end":{"line":58,"column":7}},"58":{"start":{"line":59,"column":0},"end":{"line":59,"column":5}},"59":{"start":{"line":60,"column":0},"end":{"line":60,"column":36}},"60":{"start":{"line":61,"column":0},"end":{"line":61,"column":3}},"61":{"start":{"line":62,"column":0},"end":{"line":62,"column":9}},"62":{"start":{"line":63,"column":0},"end":{"line":63,"column":3}},"63":{"start":{"line":64,"column":0},"end":{"line":64,"column":0}},"64":{"start":{"line":65,"column":0},"end":{"line":65,"column":24}},"65":{"start":{"line":66,"column":0},"end":{"line":66,"column":0}},"66":{"start":{"line":67,"column":0},"end":{"line":67,"column":41}},"67":{"start":{"line":68,"column":0},"end":{"line":68,"column":33}},"68":{"start":{"line":69,"column":0},"end":{"line":69,"column":0}},"69":{"start":{"line":70,"column":0},"end":{"line":70,"column":48}},"70":{"start":{"line":71,"column":0},"end":{"line":71,"column":64}},"71":{"start":{"line":72,"column":0},"end":{"line":72,"column":49}},"72":{"start":{"line":73,"column":0},"end":{"line":73,"column":25}},"73":{"start":{"line":74,"column":0},"end":{"line":74,"column":31}},"74":{"start":{"line":75,"column":0},"end":{"line":75,"column":22}},"75":{"start":{"line":76,"column":0},"end":{"line":76,"column":24}},"76":{"start":{"line":77,"column":0},"end":{"line":77,"column":18}},"77":{"start":{"line":78,"column":0},"end":{"line":78,"column":7}},"78":{"start":{"line":79,"column":0},"end":{"line":79,"column":6}},"79":{"start":{"line":80,"column":0},"end":{"line":80,"column":34}},"80":{"start":{"line":81,"column":0},"end":{"line":81,"column":33}},"81":{"start":{"line":82,"column":0},"end":{"line":82,"column":33}},"82":{"start":{"line":83,"column":0},"end":{"line":83,"column":3}},"83":{"start":{"line":84,"column":0},"end":{"line":84,"column":9}},"84":{"start":{"line":85,"column":0},"end":{"line":85,"column":3}},"85":{"start":{"line":86,"column":0},"end":{"line":86,"column":0}},"86":{"start":{"line":87,"column":0},"end":{"line":87,"column":38}},"87":{"start":{"line":88,"column":0},"end":{"line":88,"column":73}},"88":{"start":{"line":89,"column":0},"end":{"line":89,"column":55}},"89":{"start":{"line":90,"column":0},"end":{"line":90,"column":0}},"90":{"start":{"line":91,"column":0},"end":{"line":91,"column":25}},"91":{"start":{"line":92,"column":0},"end":{"line":92,"column":31}},"92":{"start":{"line":93,"column":0},"end":{"line":93,"column":46}},"93":{"start":{"line":94,"column":0},"end":{"line":94,"column":1}},"94":{"start":{"line":95,"column":0},"end":{"line":95,"column":0}},"95":{"start":{"line":96,"column":0},"end":{"line":96,"column":78}},"96":{"start":{"line":97,"column":0},"end":{"line":97,"column":74}},"97":{"start":{"line":98,"column":0},"end":{"line":98,"column":86}},"98":{"start":{"line":99,"column":0},"end":{"line":99,"column":41}},"99":{"start":{"line":100,"column":0},"end":{"line":100,"column":29}},"100":{"start":{"line":101,"column":0},"end":{"line":101,"column":71}},"101":{"start":{"line":102,"column":0},"end":{"line":102,"column":47}},"102":{"start":{"line":103,"column":0},"end":{"line":103,"column":9}},"103":{"start":{"line":104,"column":0},"end":{"line":104,"column":60}},"104":{"start":{"line":105,"column":0},"end":{"line":105,"column":17}},"105":{"start":{"line":106,"column":0},"end":{"line":106,"column":69}},"106":{"start":{"line":107,"column":0},"end":{"line":107,"column":5}},"107":{"start":{"line":108,"column":0},"end":{"line":108,"column":3}},"108":{"start":{"line":109,"column":0},"end":{"line":109,"column":80}},"109":{"start":{"line":110,"column":0},"end":{"line":110,"column":141}},"110":{"start":{"line":111,"column":0},"end":{"line":111,"column":40}},"111":{"start":{"line":112,"column":0},"end":{"line":112,"column":72}},"112":{"start":{"line":113,"column":0},"end":{"line":113,"column":89}},"113":{"start":{"line":114,"column":0},"end":{"line":114,"column":7}},"114":{"start":{"line":115,"column":0},"end":{"line":115,"column":53}},"115":{"start":{"line":116,"column":0},"end":{"line":116,"column":32}},"116":{"start":{"line":117,"column":0},"end":{"line":117,"column":67}},"117":{"start":{"line":118,"column":0},"end":{"line":118,"column":83}},"118":{"start":{"line":119,"column":0},"end":{"line":119,"column":32}},"119":{"start":{"line":120,"column":0},"end":{"line":120,"column":38}},"120":{"start":{"line":121,"column":0},"end":{"line":121,"column":75}},"121":{"start":{"line":122,"column":0},"end":{"line":122,"column":55}},"122":{"start":{"line":123,"column":0},"end":{"line":123,"column":72}},"123":{"start":{"line":124,"column":0},"end":{"line":124,"column":5}},"124":{"start":{"line":125,"column":0},"end":{"line":125,"column":15}},"125":{"start":{"line":126,"column":0},"end":{"line":126,"column":83}},"126":{"start":{"line":127,"column":0},"end":{"line":127,"column":3}},"127":{"start":{"line":128,"column":0},"end":{"line":128,"column":1}},"128":{"start":{"line":129,"column":0},"end":{"line":129,"column":0}},"129":{"start":{"line":130,"column":0},"end":{"line":130,"column":36}},"130":{"start":{"line":131,"column":0},"end":{"line":131,"column":58}},"131":{"start":{"line":132,"column":0},"end":{"line":132,"column":43}},"132":{"start":{"line":133,"column":0},"end":{"line":133,"column":39}},"133":{"start":{"line":134,"column":0},"end":{"line":134,"column":0}},"134":{"start":{"line":135,"column":0},"end":{"line":135,"column":99}},"135":{"start":{"line":136,"column":0},"end":{"line":136,"column":4}},"136":{"start":{"line":137,"column":0},"end":{"line":137,"column":119}},"137":{"start":{"line":138,"column":0},"end":{"line":138,"column":0}},"138":{"start":{"line":139,"column":0},"end":{"line":139,"column":3}},"139":{"start":{"line":140,"column":0},"end":{"line":140,"column":0}},"140":{"start":{"line":141,"column":0},"end":{"line":141,"column":54}},"141":{"start":{"line":142,"column":0},"end":{"line":142,"column":0}},"142":{"start":{"line":143,"column":0},"end":{"line":143,"column":243}},"143":{"start":{"line":144,"column":0},"end":{"line":144,"column":0}},"144":{"start":{"line":145,"column":0},"end":{"line":145,"column":31}},"145":{"start":{"line":146,"column":0},"end":{"line":146,"column":47}},"146":{"start":{"line":147,"column":0},"end":{"line":147,"column":51}},"147":{"start":{"line":148,"column":0},"end":{"line":148,"column":339}},"148":{"start":{"line":149,"column":0},"end":{"line":149,"column":0}},"149":{"start":{"line":150,"column":0},"end":{"line":150,"column":171}},"150":{"start":{"line":151,"column":0},"end":{"line":151,"column":0}},"151":{"start":{"line":152,"column":0},"end":{"line":152,"column":26}},"152":{"start":{"line":153,"column":0},"end":{"line":153,"column":55}},"153":{"start":{"line":154,"column":0},"end":{"line":154,"column":0}},"154":{"start":{"line":155,"column":0},"end":{"line":155,"column":73}},"155":{"start":{"line":156,"column":0},"end":{"line":156,"column":10}},"156":{"start":{"line":157,"column":0},"end":{"line":157,"column":1}},"157":{"start":{"line":158,"column":0},"end":{"line":158,"column":17}},"158":{"start":{"line":159,"column":0},"end":{"line":159,"column":22}},"159":{"start":{"line":160,"column":0},"end":{"line":160,"column":57}},"160":{"start":{"line":161,"column":0},"end":{"line":161,"column":18}},"161":{"start":{"line":162,"column":0},"end":{"line":162,"column":45}},"162":{"start":{"line":163,"column":0},"end":{"line":163,"column":7}},"163":{"start":{"line":164,"column":0},"end":{"line":164,"column":5}},"164":{"start":{"line":165,"column":0},"end":{"line":165,"column":3}},"165":{"start":{"line":166,"column":0},"end":{"line":166,"column":1}},"166":{"start":{"line":167,"column":0},"end":{"line":167,"column":6}},"167":{"start":{"line":168,"column":0},"end":{"line":168,"column":0}},"168":{"start":{"line":169,"column":0},"end":{"line":169,"column":57}},"169":{"start":{"line":170,"column":0},"end":{"line":170,"column":10}},"170":{"start":{"line":171,"column":0},"end":{"line":171,"column":1}},"171":{"start":{"line":172,"column":0},"end":{"line":172,"column":17}},"172":{"start":{"line":173,"column":0},"end":{"line":173,"column":22}},"173":{"start":{"line":174,"column":0},"end":{"line":174,"column":61}},"174":{"start":{"line":175,"column":0},"end":{"line":175,"column":18}},"175":{"start":{"line":176,"column":0},"end":{"line":176,"column":45}},"176":{"start":{"line":177,"column":0},"end":{"line":177,"column":7}},"177":{"start":{"line":178,"column":0},"end":{"line":178,"column":5}},"178":{"start":{"line":179,"column":0},"end":{"line":179,"column":3}},"179":{"start":{"line":180,"column":0},"end":{"line":180,"column":1}},"180":{"start":{"line":181,"column":0},"end":{"line":181,"column":6}},"181":{"start":{"line":182,"column":0},"end":{"line":182,"column":0}},"182":{"start":{"line":183,"column":0},"end":{"line":183,"column":18}},"183":{"start":{"line":184,"column":0},"end":{"line":184,"column":24}},"184":{"start":{"line":185,"column":0},"end":{"line":185,"column":60}},"185":{"start":{"line":186,"column":0},"end":{"line":186,"column":47}},"186":{"start":{"line":187,"column":0},"end":{"line":187,"column":59}},"187":{"start":{"line":188,"column":0},"end":{"line":188,"column":50}},"188":{"start":{"line":189,"column":0},"end":{"line":189,"column":3}},"189":{"start":{"line":190,"column":0},"end":{"line":190,"column":3}},"190":{"start":{"line":191,"column":0},"end":{"line":191,"column":0}},"191":{"start":{"line":192,"column":0},"end":{"line":192,"column":0}},"192":{"start":{"line":193,"column":0},"end":{"line":193,"column":28}},"193":{"start":{"line":194,"column":0},"end":{"line":194,"column":52}},"194":{"start":{"line":195,"column":0},"end":{"line":195,"column":0}},"195":{"start":{"line":196,"column":0},"end":{"line":196,"column":25}},"196":{"start":{"line":197,"column":0},"end":{"line":197,"column":17}},"197":{"start":{"line":198,"column":0},"end":{"line":198,"column":22}},"198":{"start":{"line":199,"column":0},"end":{"line":199,"column":2}},"199":{"start":{"line":200,"column":0},"end":{"line":200,"column":0}},"200":{"start":{"line":201,"column":0},"end":{"line":201,"column":65}},"201":{"start":{"line":202,"column":0},"end":{"line":202,"column":42}},"202":{"start":{"line":203,"column":0},"end":{"line":203,"column":44}},"203":{"start":{"line":204,"column":0},"end":{"line":204,"column":104}},"204":{"start":{"line":205,"column":0},"end":{"line":205,"column":71}},"205":{"start":{"line":206,"column":0},"end":{"line":206,"column":92}},"206":{"start":{"line":207,"column":0},"end":{"line":207,"column":97}},"207":{"start":{"line":208,"column":0},"end":{"line":208,"column":3}},"208":{"start":{"line":209,"column":0},"end":{"line":209,"column":27}},"209":{"start":{"line":210,"column":0},"end":{"line":210,"column":9}},"210":{"start":{"line":211,"column":0},"end":{"line":211,"column":3}},"211":{"start":{"line":212,"column":0},"end":{"line":212,"column":0}},"212":{"start":{"line":213,"column":0},"end":{"line":213,"column":35}},"213":{"start":{"line":214,"column":0},"end":{"line":214,"column":75}},"214":{"start":{"line":215,"column":0},"end":{"line":215,"column":26}},"215":{"start":{"line":216,"column":0},"end":{"line":216,"column":18}},"216":{"start":{"line":217,"column":0},"end":{"line":217,"column":3}},"217":{"start":{"line":218,"column":0},"end":{"line":218,"column":0}},"218":{"start":{"line":219,"column":0},"end":{"line":219,"column":73}},"219":{"start":{"line":220,"column":0},"end":{"line":220,"column":69}},"220":{"start":{"line":221,"column":0},"end":{"line":221,"column":54}},"221":{"start":{"line":222,"column":0},"end":{"line":222,"column":18}},"222":{"start":{"line":223,"column":0},"end":{"line":223,"column":3}},"223":{"start":{"line":224,"column":0},"end":{"line":224,"column":0}},"224":{"start":{"line":225,"column":0},"end":{"line":225,"column":48}},"225":{"start":{"line":226,"column":0},"end":{"line":226,"column":58}},"226":{"start":{"line":227,"column":0},"end":{"line":227,"column":25}},"227":{"start":{"line":228,"column":0},"end":{"line":228,"column":0}},"228":{"start":{"line":229,"column":0},"end":{"line":229,"column":35}},"229":{"start":{"line":230,"column":0},"end":{"line":230,"column":9}},"230":{"start":{"line":231,"column":0},"end":{"line":231,"column":67}},"231":{"start":{"line":232,"column":0},"end":{"line":232,"column":37}},"232":{"start":{"line":233,"column":0},"end":{"line":233,"column":54}},"233":{"start":{"line":234,"column":0},"end":{"line":234,"column":67}},"234":{"start":{"line":235,"column":0},"end":{"line":235,"column":7}},"235":{"start":{"line":236,"column":0},"end":{"line":236,"column":17}},"236":{"start":{"line":237,"column":0},"end":{"line":237,"column":28}},"237":{"start":{"line":238,"column":0},"end":{"line":238,"column":5}},"238":{"start":{"line":239,"column":0},"end":{"line":239,"column":3}},"239":{"start":{"line":240,"column":0},"end":{"line":240,"column":0}},"240":{"start":{"line":241,"column":0},"end":{"line":241,"column":31}},"241":{"start":{"line":242,"column":0},"end":{"line":242,"column":75}},"242":{"start":{"line":243,"column":0},"end":{"line":243,"column":57}},"243":{"start":{"line":244,"column":0},"end":{"line":244,"column":76}},"244":{"start":{"line":245,"column":0},"end":{"line":245,"column":5}},"245":{"start":{"line":246,"column":0},"end":{"line":246,"column":60}},"246":{"start":{"line":247,"column":0},"end":{"line":247,"column":4}},"247":{"start":{"line":248,"column":0},"end":{"line":248,"column":0}},"248":{"start":{"line":249,"column":0},"end":{"line":249,"column":47}},"249":{"start":{"line":250,"column":0},"end":{"line":250,"column":20}},"250":{"start":{"line":251,"column":0},"end":{"line":251,"column":51}},"251":{"start":{"line":252,"column":0},"end":{"line":252,"column":3}},"252":{"start":{"line":253,"column":0},"end":{"line":253,"column":0}},"253":{"start":{"line":254,"column":0},"end":{"line":254,"column":65}},"254":{"start":{"line":255,"column":0},"end":{"line":255,"column":15}},"255":{"start":{"line":256,"column":0},"end":{"line":256,"column":58}},"256":{"start":{"line":257,"column":0},"end":{"line":257,"column":3}},"257":{"start":{"line":258,"column":0},"end":{"line":258,"column":0}},"258":{"start":{"line":259,"column":0},"end":{"line":259,"column":37}},"259":{"start":{"line":260,"column":0},"end":{"line":260,"column":25}},"260":{"start":{"line":261,"column":0},"end":{"line":261,"column":2}},"261":{"start":{"line":262,"column":0},"end":{"line":262,"column":41}},"262":{"start":{"line":263,"column":0},"end":{"line":263,"column":57}},"263":{"start":{"line":264,"column":0},"end":{"line":264,"column":45}},"264":{"start":{"line":265,"column":0},"end":{"line":265,"column":20}},"265":{"start":{"line":266,"column":0},"end":{"line":266,"column":5}},"266":{"start":{"line":267,"column":0},"end":{"line":267,"column":3}},"267":{"start":{"line":268,"column":0},"end":{"line":268,"column":0}},"268":{"start":{"line":269,"column":0},"end":{"line":269,"column":78}},"269":{"start":{"line":270,"column":0},"end":{"line":270,"column":26}},"270":{"start":{"line":271,"column":0},"end":{"line":271,"column":42}},"271":{"start":{"line":272,"column":0},"end":{"line":272,"column":0}},"272":{"start":{"line":273,"column":0},"end":{"line":273,"column":21}},"273":{"start":{"line":274,"column":0},"end":{"line":274,"column":66}},"274":{"start":{"line":275,"column":0},"end":{"line":275,"column":75}},"275":{"start":{"line":276,"column":0},"end":{"line":276,"column":2}},"276":{"start":{"line":277,"column":0},"end":{"line":277,"column":130}},"277":{"start":{"line":278,"column":0},"end":{"line":278,"column":0}},"278":{"start":{"line":279,"column":0},"end":{"line":279,"column":20}},"279":{"start":{"line":280,"column":0},"end":{"line":280,"column":27}},"280":{"start":{"line":281,"column":0},"end":{"line":281,"column":48}},"281":{"start":{"line":282,"column":0},"end":{"line":282,"column":24}},"282":{"start":{"line":283,"column":0},"end":{"line":283,"column":14}},"283":{"start":{"line":284,"column":0},"end":{"line":284,"column":90}},"284":{"start":{"line":285,"column":0},"end":{"line":285,"column":7}},"285":{"start":{"line":286,"column":0},"end":{"line":286,"column":3}},"286":{"start":{"line":287,"column":0},"end":{"line":287,"column":0}},"287":{"start":{"line":288,"column":0},"end":{"line":288,"column":99}},"288":{"start":{"line":289,"column":0},"end":{"line":289,"column":53}},"289":{"start":{"line":290,"column":0},"end":{"line":290,"column":42}},"290":{"start":{"line":291,"column":0},"end":{"line":291,"column":101}},"291":{"start":{"line":292,"column":0},"end":{"line":292,"column":3}},"292":{"start":{"line":293,"column":0},"end":{"line":293,"column":0}},"293":{"start":{"line":294,"column":0},"end":{"line":294,"column":31}},"294":{"start":{"line":295,"column":0},"end":{"line":295,"column":80}},"295":{"start":{"line":296,"column":0},"end":{"line":296,"column":44}},"296":{"start":{"line":297,"column":0},"end":{"line":297,"column":43}},"297":{"start":{"line":298,"column":0},"end":{"line":298,"column":6}},"298":{"start":{"line":299,"column":0},"end":{"line":299,"column":78}},"299":{"start":{"line":300,"column":0},"end":{"line":300,"column":46}},"300":{"start":{"line":301,"column":0},"end":{"line":301,"column":54}},"301":{"start":{"line":302,"column":0},"end":{"line":302,"column":7}},"302":{"start":{"line":303,"column":0},"end":{"line":303,"column":0}},"303":{"start":{"line":304,"column":0},"end":{"line":304,"column":24}},"304":{"start":{"line":305,"column":0},"end":{"line":305,"column":67}},"305":{"start":{"line":306,"column":0},"end":{"line":306,"column":34}},"306":{"start":{"line":307,"column":0},"end":{"line":307,"column":64}},"307":{"start":{"line":308,"column":0},"end":{"line":308,"column":83}},"308":{"start":{"line":309,"column":0},"end":{"line":309,"column":7}},"309":{"start":{"line":310,"column":0},"end":{"line":310,"column":6}},"310":{"start":{"line":311,"column":0},"end":{"line":311,"column":98}},"311":{"start":{"line":312,"column":0},"end":{"line":312,"column":85}},"312":{"start":{"line":313,"column":0},"end":{"line":313,"column":154}},"313":{"start":{"line":314,"column":0},"end":{"line":314,"column":80}},"314":{"start":{"line":315,"column":0},"end":{"line":315,"column":80}},"315":{"start":{"line":316,"column":0},"end":{"line":316,"column":31}},"316":{"start":{"line":317,"column":0},"end":{"line":317,"column":163}},"317":{"start":{"line":318,"column":0},"end":{"line":318,"column":100}},"318":{"start":{"line":319,"column":0},"end":{"line":319,"column":45}},"319":{"start":{"line":320,"column":0},"end":{"line":320,"column":47}},"320":{"start":{"line":321,"column":0},"end":{"line":321,"column":44}},"321":{"start":{"line":322,"column":0},"end":{"line":322,"column":18}},"322":{"start":{"line":323,"column":0},"end":{"line":323,"column":22}},"323":{"start":{"line":324,"column":0},"end":{"line":324,"column":9}},"324":{"start":{"line":325,"column":0},"end":{"line":325,"column":7}},"325":{"start":{"line":326,"column":0},"end":{"line":326,"column":20}},"326":{"start":{"line":327,"column":0},"end":{"line":327,"column":4}},"327":{"start":{"line":328,"column":0},"end":{"line":328,"column":0}},"328":{"start":{"line":329,"column":0},"end":{"line":329,"column":29}},"329":{"start":{"line":330,"column":0},"end":{"line":330,"column":111}},"330":{"start":{"line":331,"column":0},"end":{"line":331,"column":20}},"331":{"start":{"line":332,"column":0},"end":{"line":332,"column":34}},"332":{"start":{"line":333,"column":0},"end":{"line":333,"column":29}},"333":{"start":{"line":334,"column":0},"end":{"line":334,"column":12}},"334":{"start":{"line":335,"column":0},"end":{"line":335,"column":42}},"335":{"start":{"line":336,"column":0},"end":{"line":336,"column":82}},"336":{"start":{"line":337,"column":0},"end":{"line":337,"column":71}},"337":{"start":{"line":338,"column":0},"end":{"line":338,"column":5}},"338":{"start":{"line":339,"column":0},"end":{"line":339,"column":3}},"339":{"start":{"line":340,"column":0},"end":{"line":340,"column":0}},"340":{"start":{"line":341,"column":0},"end":{"line":341,"column":132}},"341":{"start":{"line":342,"column":0},"end":{"line":342,"column":7}},"342":{"start":{"line":343,"column":0},"end":{"line":343,"column":78}},"343":{"start":{"line":344,"column":0},"end":{"line":344,"column":0}},"344":{"start":{"line":345,"column":0},"end":{"line":345,"column":90}},"345":{"start":{"line":346,"column":0},"end":{"line":346,"column":22}},"346":{"start":{"line":347,"column":0},"end":{"line":347,"column":91}},"347":{"start":{"line":348,"column":0},"end":{"line":348,"column":29}},"348":{"start":{"line":349,"column":0},"end":{"line":349,"column":12}},"349":{"start":{"line":350,"column":0},"end":{"line":350,"column":49}},"350":{"start":{"line":351,"column":0},"end":{"line":351,"column":124}},"351":{"start":{"line":352,"column":0},"end":{"line":352,"column":42}},"352":{"start":{"line":353,"column":0},"end":{"line":353,"column":82}},"353":{"start":{"line":354,"column":0},"end":{"line":354,"column":88}},"354":{"start":{"line":355,"column":0},"end":{"line":355,"column":5}},"355":{"start":{"line":356,"column":0},"end":{"line":356,"column":17}},"356":{"start":{"line":357,"column":0},"end":{"line":357,"column":71}},"357":{"start":{"line":358,"column":0},"end":{"line":358,"column":72}},"358":{"start":{"line":359,"column":0},"end":{"line":359,"column":3}},"359":{"start":{"line":360,"column":0},"end":{"line":360,"column":3}},"360":{"start":{"line":361,"column":0},"end":{"line":361,"column":0}},"361":{"start":{"line":362,"column":0},"end":{"line":362,"column":25}},"362":{"start":{"line":363,"column":0},"end":{"line":363,"column":67}},"363":{"start":{"line":364,"column":0},"end":{"line":364,"column":72}},"364":{"start":{"line":365,"column":0},"end":{"line":365,"column":22}},"365":{"start":{"line":366,"column":0},"end":{"line":366,"column":28}},"366":{"start":{"line":367,"column":0},"end":{"line":367,"column":30}},"367":{"start":{"line":368,"column":0},"end":{"line":368,"column":0}},"368":{"start":{"line":369,"column":0},"end":{"line":369,"column":56}},"369":{"start":{"line":370,"column":0},"end":{"line":370,"column":38}},"370":{"start":{"line":371,"column":0},"end":{"line":371,"column":74}},"371":{"start":{"line":372,"column":0},"end":{"line":372,"column":3}},"372":{"start":{"line":373,"column":0},"end":{"line":373,"column":66}},"373":{"start":{"line":374,"column":0},"end":{"line":374,"column":7}},"374":{"start":{"line":375,"column":0},"end":{"line":375,"column":56}},"375":{"start":{"line":376,"column":0},"end":{"line":376,"column":20}},"376":{"start":{"line":377,"column":0},"end":{"line":377,"column":67}},"377":{"start":{"line":378,"column":0},"end":{"line":378,"column":5}},"378":{"start":{"line":379,"column":0},"end":{"line":379,"column":49}},"379":{"start":{"line":380,"column":0},"end":{"line":380,"column":35}},"380":{"start":{"line":381,"column":0},"end":{"line":381,"column":78}},"381":{"start":{"line":382,"column":0},"end":{"line":382,"column":81}},"382":{"start":{"line":383,"column":0},"end":{"line":383,"column":5}},"383":{"start":{"line":384,"column":0},"end":{"line":384,"column":58}},"384":{"start":{"line":385,"column":0},"end":{"line":385,"column":27}},"385":{"start":{"line":386,"column":0},"end":{"line":386,"column":17}},"386":{"start":{"line":387,"column":0},"end":{"line":387,"column":51}},"387":{"start":{"line":388,"column":0},"end":{"line":388,"column":49}},"388":{"start":{"line":389,"column":0},"end":{"line":389,"column":3}},"389":{"start":{"line":390,"column":0},"end":{"line":390,"column":3}},"390":{"start":{"line":391,"column":0},"end":{"line":391,"column":0}},"391":{"start":{"line":392,"column":0},"end":{"line":392,"column":62}},"392":{"start":{"line":393,"column":0},"end":{"line":393,"column":38}},"393":{"start":{"line":394,"column":0},"end":{"line":394,"column":74}},"394":{"start":{"line":395,"column":0},"end":{"line":395,"column":3}},"395":{"start":{"line":396,"column":0},"end":{"line":396,"column":7}},"396":{"start":{"line":397,"column":0},"end":{"line":397,"column":52}},"397":{"start":{"line":398,"column":0},"end":{"line":398,"column":54}},"398":{"start":{"line":399,"column":0},"end":{"line":399,"column":24}},"399":{"start":{"line":400,"column":0},"end":{"line":400,"column":55}},"400":{"start":{"line":401,"column":0},"end":{"line":401,"column":30}},"401":{"start":{"line":402,"column":0},"end":{"line":402,"column":21}},"402":{"start":{"line":403,"column":0},"end":{"line":403,"column":6}},"403":{"start":{"line":404,"column":0},"end":{"line":404,"column":24}},"404":{"start":{"line":405,"column":0},"end":{"line":405,"column":17}},"405":{"start":{"line":406,"column":0},"end":{"line":406,"column":57}},"406":{"start":{"line":407,"column":0},"end":{"line":407,"column":49}},"407":{"start":{"line":408,"column":0},"end":{"line":408,"column":3}},"408":{"start":{"line":409,"column":0},"end":{"line":409,"column":3}},"409":{"start":{"line":410,"column":0},"end":{"line":410,"column":0}},"410":{"start":{"line":411,"column":0},"end":{"line":411,"column":53}},"411":{"start":{"line":412,"column":0},"end":{"line":412,"column":38}},"412":{"start":{"line":413,"column":0},"end":{"line":413,"column":74}},"413":{"start":{"line":414,"column":0},"end":{"line":414,"column":3}},"414":{"start":{"line":415,"column":0},"end":{"line":415,"column":56}},"415":{"start":{"line":416,"column":0},"end":{"line":416,"column":34}},"416":{"start":{"line":417,"column":0},"end":{"line":417,"column":84}},"417":{"start":{"line":418,"column":0},"end":{"line":418,"column":3}},"418":{"start":{"line":419,"column":0},"end":{"line":419,"column":2}},"419":{"start":{"line":420,"column":0},"end":{"line":420,"column":66}},"420":{"start":{"line":421,"column":0},"end":{"line":421,"column":57}},"421":{"start":{"line":422,"column":0},"end":{"line":422,"column":7}},"422":{"start":{"line":423,"column":0},"end":{"line":423,"column":58}},"423":{"start":{"line":424,"column":0},"end":{"line":424,"column":27}},"424":{"start":{"line":425,"column":0},"end":{"line":425,"column":22}},"425":{"start":{"line":426,"column":0},"end":{"line":426,"column":88}},"426":{"start":{"line":427,"column":0},"end":{"line":427,"column":53}},"427":{"start":{"line":428,"column":0},"end":{"line":428,"column":6}},"428":{"start":{"line":429,"column":0},"end":{"line":429,"column":4}},"429":{"start":{"line":430,"column":0},"end":{"line":430,"column":49}},"430":{"start":{"line":431,"column":0},"end":{"line":431,"column":76}},"431":{"start":{"line":432,"column":0},"end":{"line":432,"column":4}},"432":{"start":{"line":433,"column":0},"end":{"line":433,"column":62}},"433":{"start":{"line":434,"column":0},"end":{"line":434,"column":52}},"434":{"start":{"line":435,"column":0},"end":{"line":435,"column":47}},"435":{"start":{"line":436,"column":0},"end":{"line":436,"column":38}},"436":{"start":{"line":437,"column":0},"end":{"line":437,"column":53}},"437":{"start":{"line":438,"column":0},"end":{"line":438,"column":5}},"438":{"start":{"line":439,"column":0},"end":{"line":439,"column":54}},"439":{"start":{"line":440,"column":0},"end":{"line":440,"column":4}},"440":{"start":{"line":441,"column":0},"end":{"line":441,"column":37}},"441":{"start":{"line":442,"column":0},"end":{"line":442,"column":34}},"442":{"start":{"line":443,"column":0},"end":{"line":443,"column":105}},"443":{"start":{"line":444,"column":0},"end":{"line":444,"column":5}},"444":{"start":{"line":445,"column":0},"end":{"line":445,"column":4}},"445":{"start":{"line":446,"column":0},"end":{"line":446,"column":56}},"446":{"start":{"line":447,"column":0},"end":{"line":447,"column":17}},"447":{"start":{"line":448,"column":0},"end":{"line":448,"column":52}},"448":{"start":{"line":449,"column":0},"end":{"line":449,"column":49}},"449":{"start":{"line":450,"column":0},"end":{"line":450,"column":3}},"450":{"start":{"line":451,"column":0},"end":{"line":451,"column":3}},"451":{"start":{"line":452,"column":0},"end":{"line":452,"column":0}},"452":{"start":{"line":453,"column":0},"end":{"line":453,"column":49}},"453":{"start":{"line":454,"column":0},"end":{"line":454,"column":38}},"454":{"start":{"line":455,"column":0},"end":{"line":455,"column":74}},"455":{"start":{"line":456,"column":0},"end":{"line":456,"column":3}},"456":{"start":{"line":457,"column":0},"end":{"line":457,"column":72}},"457":{"start":{"line":458,"column":0},"end":{"line":458,"column":24}},"458":{"start":{"line":459,"column":0},"end":{"line":459,"column":74}},"459":{"start":{"line":460,"column":0},"end":{"line":460,"column":3}},"460":{"start":{"line":461,"column":0},"end":{"line":461,"column":58}},"461":{"start":{"line":462,"column":0},"end":{"line":462,"column":62}},"462":{"start":{"line":463,"column":0},"end":{"line":463,"column":2}},"463":{"start":{"line":464,"column":0},"end":{"line":464,"column":7}},"464":{"start":{"line":465,"column":0},"end":{"line":465,"column":63}},"465":{"start":{"line":466,"column":0},"end":{"line":466,"column":18}},"466":{"start":{"line":467,"column":0},"end":{"line":467,"column":75}},"467":{"start":{"line":468,"column":0},"end":{"line":468,"column":5}},"468":{"start":{"line":469,"column":0},"end":{"line":469,"column":0}},"469":{"start":{"line":470,"column":0},"end":{"line":470,"column":23}},"470":{"start":{"line":471,"column":0},"end":{"line":471,"column":19}},"471":{"start":{"line":472,"column":0},"end":{"line":472,"column":17}},"472":{"start":{"line":473,"column":0},"end":{"line":473,"column":26}},"473":{"start":{"line":474,"column":0},"end":{"line":474,"column":6}},"474":{"start":{"line":475,"column":0},"end":{"line":475,"column":4}},"475":{"start":{"line":476,"column":0},"end":{"line":476,"column":64}},"476":{"start":{"line":477,"column":0},"end":{"line":477,"column":4}},"477":{"start":{"line":478,"column":0},"end":{"line":478,"column":34}},"478":{"start":{"line":479,"column":0},"end":{"line":479,"column":103}},"479":{"start":{"line":480,"column":0},"end":{"line":480,"column":5}},"480":{"start":{"line":481,"column":0},"end":{"line":481,"column":4}},"481":{"start":{"line":482,"column":0},"end":{"line":482,"column":82}},"482":{"start":{"line":483,"column":0},"end":{"line":483,"column":17}},"483":{"start":{"line":484,"column":0},"end":{"line":484,"column":47}},"484":{"start":{"line":485,"column":0},"end":{"line":485,"column":49}},"485":{"start":{"line":486,"column":0},"end":{"line":486,"column":3}},"486":{"start":{"line":487,"column":0},"end":{"line":487,"column":3}},"487":{"start":{"line":488,"column":0},"end":{"line":488,"column":0}},"488":{"start":{"line":489,"column":0},"end":{"line":489,"column":52}},"489":{"start":{"line":490,"column":0},"end":{"line":490,"column":38}},"490":{"start":{"line":491,"column":0},"end":{"line":491,"column":74}},"491":{"start":{"line":492,"column":0},"end":{"line":492,"column":3}},"492":{"start":{"line":493,"column":0},"end":{"line":493,"column":35}},"493":{"start":{"line":494,"column":0},"end":{"line":494,"column":58}},"494":{"start":{"line":495,"column":0},"end":{"line":495,"column":2}},"495":{"start":{"line":496,"column":0},"end":{"line":496,"column":7}},"496":{"start":{"line":497,"column":0},"end":{"line":497,"column":52}},"497":{"start":{"line":498,"column":0},"end":{"line":498,"column":76}},"498":{"start":{"line":499,"column":0},"end":{"line":499,"column":4}},"499":{"start":{"line":500,"column":0},"end":{"line":500,"column":23}},"500":{"start":{"line":501,"column":0},"end":{"line":501,"column":24}},"501":{"start":{"line":502,"column":0},"end":{"line":502,"column":37}},"502":{"start":{"line":503,"column":0},"end":{"line":503,"column":54}},"503":{"start":{"line":504,"column":0},"end":{"line":504,"column":6}},"504":{"start":{"line":505,"column":0},"end":{"line":505,"column":4}},"505":{"start":{"line":506,"column":0},"end":{"line":506,"column":31}},"506":{"start":{"line":507,"column":0},"end":{"line":507,"column":4}},"507":{"start":{"line":508,"column":0},"end":{"line":508,"column":34}},"508":{"start":{"line":509,"column":0},"end":{"line":509,"column":101}},"509":{"start":{"line":510,"column":0},"end":{"line":510,"column":5}},"510":{"start":{"line":511,"column":0},"end":{"line":511,"column":4}},"511":{"start":{"line":512,"column":0},"end":{"line":512,"column":36}},"512":{"start":{"line":513,"column":0},"end":{"line":513,"column":17}},"513":{"start":{"line":514,"column":0},"end":{"line":514,"column":47}},"514":{"start":{"line":515,"column":0},"end":{"line":515,"column":49}},"515":{"start":{"line":516,"column":0},"end":{"line":516,"column":3}},"516":{"start":{"line":517,"column":0},"end":{"line":517,"column":3}},"517":{"start":{"line":518,"column":0},"end":{"line":518,"column":0}},"518":{"start":{"line":519,"column":0},"end":{"line":519,"column":55}},"519":{"start":{"line":520,"column":0},"end":{"line":520,"column":38}},"520":{"start":{"line":521,"column":0},"end":{"line":521,"column":74}},"521":{"start":{"line":522,"column":0},"end":{"line":522,"column":3}},"522":{"start":{"line":523,"column":0},"end":{"line":523,"column":58}},"523":{"start":{"line":524,"column":0},"end":{"line":524,"column":2}},"524":{"start":{"line":525,"column":0},"end":{"line":525,"column":7}},"525":{"start":{"line":526,"column":0},"end":{"line":526,"column":37}},"526":{"start":{"line":527,"column":0},"end":{"line":527,"column":4}},"527":{"start":{"line":528,"column":0},"end":{"line":528,"column":34}},"528":{"start":{"line":529,"column":0},"end":{"line":529,"column":103}},"529":{"start":{"line":530,"column":0},"end":{"line":530,"column":5}},"530":{"start":{"line":531,"column":0},"end":{"line":531,"column":4}},"531":{"start":{"line":532,"column":0},"end":{"line":532,"column":36}},"532":{"start":{"line":533,"column":0},"end":{"line":533,"column":17}},"533":{"start":{"line":534,"column":0},"end":{"line":534,"column":47}},"534":{"start":{"line":535,"column":0},"end":{"line":535,"column":49}},"535":{"start":{"line":536,"column":0},"end":{"line":536,"column":3}},"536":{"start":{"line":537,"column":0},"end":{"line":537,"column":3}},"537":{"start":{"line":538,"column":0},"end":{"line":538,"column":0}},"538":{"start":{"line":539,"column":0},"end":{"line":539,"column":59}},"539":{"start":{"line":540,"column":0},"end":{"line":540,"column":34}},"540":{"start":{"line":541,"column":0},"end":{"line":541,"column":51}},"541":{"start":{"line":542,"column":0},"end":{"line":542,"column":76}},"542":{"start":{"line":543,"column":0},"end":{"line":543,"column":42}},"543":{"start":{"line":544,"column":0},"end":{"line":544,"column":36}},"544":{"start":{"line":545,"column":0},"end":{"line":545,"column":5}},"545":{"start":{"line":546,"column":0},"end":{"line":546,"column":3}},"546":{"start":{"line":547,"column":0},"end":{"line":547,"column":4}},"547":{"start":{"line":548,"column":0},"end":{"line":548,"column":0}},"548":{"start":{"line":549,"column":0},"end":{"line":549,"column":28}},"549":{"start":{"line":550,"column":0},"end":{"line":550,"column":72}},"550":{"start":{"line":551,"column":0},"end":{"line":551,"column":38}},"551":{"start":{"line":552,"column":0},"end":{"line":552,"column":32}},"552":{"start":{"line":553,"column":0},"end":{"line":553,"column":61}},"553":{"start":{"line":554,"column":0},"end":{"line":554,"column":3}},"554":{"start":{"line":555,"column":0},"end":{"line":555,"column":0}},"555":{"start":{"line":556,"column":0},"end":{"line":556,"column":40}},"556":{"start":{"line":557,"column":0},"end":{"line":557,"column":18}},"557":{"start":{"line":558,"column":0},"end":{"line":558,"column":35}},"558":{"start":{"line":559,"column":0},"end":{"line":559,"column":9}},"559":{"start":{"line":560,"column":0},"end":{"line":560,"column":67}},"560":{"start":{"line":561,"column":0},"end":{"line":561,"column":32}},"561":{"start":{"line":562,"column":0},"end":{"line":562,"column":28}},"562":{"start":{"line":563,"column":0},"end":{"line":563,"column":35}},"563":{"start":{"line":564,"column":0},"end":{"line":564,"column":41}},"564":{"start":{"line":565,"column":0},"end":{"line":565,"column":17}},"565":{"start":{"line":566,"column":0},"end":{"line":566,"column":75}},"566":{"start":{"line":567,"column":0},"end":{"line":567,"column":61}},"567":{"start":{"line":568,"column":0},"end":{"line":568,"column":5}},"568":{"start":{"line":569,"column":0},"end":{"line":569,"column":3}},"569":{"start":{"line":570,"column":0},"end":{"line":570,"column":0}},"570":{"start":{"line":571,"column":0},"end":{"line":571,"column":86}},"571":{"start":{"line":572,"column":0},"end":{"line":572,"column":106}},"572":{"start":{"line":573,"column":0},"end":{"line":573,"column":97}},"573":{"start":{"line":574,"column":0},"end":{"line":574,"column":30}},"574":{"start":{"line":575,"column":0},"end":{"line":575,"column":32}},"575":{"start":{"line":576,"column":0},"end":{"line":576,"column":24}},"576":{"start":{"line":577,"column":0},"end":{"line":577,"column":5}},"577":{"start":{"line":578,"column":0},"end":{"line":578,"column":3}},"578":{"start":{"line":579,"column":0},"end":{"line":579,"column":0}},"579":{"start":{"line":580,"column":0},"end":{"line":580,"column":96}},"580":{"start":{"line":581,"column":0},"end":{"line":581,"column":3}},"581":{"start":{"line":582,"column":0},"end":{"line":582,"column":39}},"582":{"start":{"line":583,"column":0},"end":{"line":583,"column":18}},"583":{"start":{"line":584,"column":0},"end":{"line":584,"column":35}},"584":{"start":{"line":585,"column":0},"end":{"line":585,"column":9}},"585":{"start":{"line":586,"column":0},"end":{"line":586,"column":67}},"586":{"start":{"line":587,"column":0},"end":{"line":587,"column":32}},"587":{"start":{"line":588,"column":0},"end":{"line":588,"column":33}},"588":{"start":{"line":589,"column":0},"end":{"line":589,"column":3}},"589":{"start":{"line":590,"column":0},"end":{"line":590,"column":2}},"590":{"start":{"line":591,"column":0},"end":{"line":591,"column":58}},"591":{"start":{"line":592,"column":0},"end":{"line":592,"column":79}},"592":{"start":{"line":593,"column":0},"end":{"line":593,"column":3}},"593":{"start":{"line":594,"column":0},"end":{"line":594,"column":0}},"594":{"start":{"line":595,"column":0},"end":{"line":595,"column":21}},"595":{"start":{"line":596,"column":0},"end":{"line":596,"column":72}},"596":{"start":{"line":597,"column":0},"end":{"line":597,"column":3}},"597":{"start":{"line":598,"column":0},"end":{"line":598,"column":0}},"598":{"start":{"line":599,"column":0},"end":{"line":599,"column":26}},"599":{"start":{"line":600,"column":0},"end":{"line":600,"column":28}},"600":{"start":{"line":601,"column":0},"end":{"line":601,"column":98}},"601":{"start":{"line":602,"column":0},"end":{"line":602,"column":64}},"602":{"start":{"line":603,"column":0},"end":{"line":603,"column":3}},"603":{"start":{"line":604,"column":0},"end":{"line":604,"column":0}},"604":{"start":{"line":605,"column":0},"end":{"line":605,"column":39}},"605":{"start":{"line":606,"column":0},"end":{"line":606,"column":99}},"606":{"start":{"line":607,"column":0},"end":{"line":607,"column":0}},"607":{"start":{"line":608,"column":0},"end":{"line":608,"column":18}},"608":{"start":{"line":609,"column":0},"end":{"line":609,"column":35}},"609":{"start":{"line":610,"column":0},"end":{"line":610,"column":9}},"610":{"start":{"line":611,"column":0},"end":{"line":611,"column":67}},"611":{"start":{"line":612,"column":0},"end":{"line":612,"column":32}},"612":{"start":{"line":613,"column":0},"end":{"line":613,"column":17}},"613":{"start":{"line":614,"column":0},"end":{"line":614,"column":83}},"614":{"start":{"line":615,"column":0},"end":{"line":615,"column":128}},"615":{"start":{"line":616,"column":0},"end":{"line":616,"column":5}},"616":{"start":{"line":617,"column":0},"end":{"line":617,"column":3}},"617":{"start":{"line":618,"column":0},"end":{"line":618,"column":45}},"618":{"start":{"line":619,"column":0},"end":{"line":619,"column":66}},"619":{"start":{"line":620,"column":0},"end":{"line":620,"column":3}},"620":{"start":{"line":621,"column":0},"end":{"line":621,"column":0}},"621":{"start":{"line":622,"column":0},"end":{"line":622,"column":21}},"622":{"start":{"line":623,"column":0},"end":{"line":623,"column":7}},"623":{"start":{"line":624,"column":0},"end":{"line":624,"column":38}},"624":{"start":{"line":625,"column":0},"end":{"line":625,"column":57}},"625":{"start":{"line":626,"column":0},"end":{"line":626,"column":42}},"626":{"start":{"line":627,"column":0},"end":{"line":627,"column":5}},"627":{"start":{"line":628,"column":0},"end":{"line":628,"column":58}},"628":{"start":{"line":629,"column":0},"end":{"line":629,"column":18}},"629":{"start":{"line":630,"column":0},"end":{"line":630,"column":92}},"630":{"start":{"line":631,"column":0},"end":{"line":631,"column":3}},"631":{"start":{"line":632,"column":0},"end":{"line":632,"column":0}},"632":{"start":{"line":633,"column":0},"end":{"line":633,"column":68}},"633":{"start":{"line":634,"column":0},"end":{"line":634,"column":147}},"634":{"start":{"line":635,"column":0},"end":{"line":635,"column":3}},"635":{"start":{"line":636,"column":0},"end":{"line":636,"column":0}},"636":{"start":{"line":637,"column":0},"end":{"line":637,"column":35}},"637":{"start":{"line":638,"column":0},"end":{"line":638,"column":7}},"638":{"start":{"line":639,"column":0},"end":{"line":639,"column":45}},"639":{"start":{"line":640,"column":0},"end":{"line":640,"column":0}},"640":{"start":{"line":641,"column":0},"end":{"line":641,"column":72}},"641":{"start":{"line":642,"column":0},"end":{"line":642,"column":211}},"642":{"start":{"line":643,"column":0},"end":{"line":643,"column":36}},"643":{"start":{"line":644,"column":0},"end":{"line":644,"column":102}},"644":{"start":{"line":645,"column":0},"end":{"line":645,"column":71}},"645":{"start":{"line":646,"column":0},"end":{"line":646,"column":29}},"646":{"start":{"line":647,"column":0},"end":{"line":647,"column":112}},"647":{"start":{"line":648,"column":0},"end":{"line":648,"column":7}},"648":{"start":{"line":649,"column":0},"end":{"line":649,"column":5}},"649":{"start":{"line":650,"column":0},"end":{"line":650,"column":0}},"650":{"start":{"line":651,"column":0},"end":{"line":651,"column":42}},"651":{"start":{"line":652,"column":0},"end":{"line":652,"column":81}},"652":{"start":{"line":653,"column":0},"end":{"line":653,"column":21}},"653":{"start":{"line":654,"column":0},"end":{"line":654,"column":54}},"654":{"start":{"line":655,"column":0},"end":{"line":655,"column":57}},"655":{"start":{"line":656,"column":0},"end":{"line":656,"column":21}},"656":{"start":{"line":657,"column":0},"end":{"line":657,"column":80}},"657":{"start":{"line":658,"column":0},"end":{"line":658,"column":7}},"658":{"start":{"line":659,"column":0},"end":{"line":659,"column":0}},"659":{"start":{"line":660,"column":0},"end":{"line":660,"column":40}},"660":{"start":{"line":661,"column":0},"end":{"line":661,"column":54}},"661":{"start":{"line":662,"column":0},"end":{"line":662,"column":84}},"662":{"start":{"line":663,"column":0},"end":{"line":663,"column":9}},"663":{"start":{"line":664,"column":0},"end":{"line":664,"column":141}},"664":{"start":{"line":665,"column":0},"end":{"line":665,"column":5}},"665":{"start":{"line":666,"column":0},"end":{"line":666,"column":0}},"666":{"start":{"line":667,"column":0},"end":{"line":667,"column":17}},"667":{"start":{"line":668,"column":0},"end":{"line":668,"column":88}},"668":{"start":{"line":669,"column":0},"end":{"line":669,"column":3}},"669":{"start":{"line":670,"column":0},"end":{"line":670,"column":0}},"670":{"start":{"line":671,"column":0},"end":{"line":671,"column":57}},"671":{"start":{"line":672,"column":0},"end":{"line":672,"column":24}},"672":{"start":{"line":673,"column":0},"end":{"line":673,"column":59}},"673":{"start":{"line":674,"column":0},"end":{"line":674,"column":32}},"674":{"start":{"line":675,"column":0},"end":{"line":675,"column":22}},"675":{"start":{"line":676,"column":0},"end":{"line":676,"column":7}},"676":{"start":{"line":677,"column":0},"end":{"line":677,"column":3}},"677":{"start":{"line":678,"column":0},"end":{"line":678,"column":0}},"678":{"start":{"line":679,"column":0},"end":{"line":679,"column":44}},"679":{"start":{"line":680,"column":0},"end":{"line":680,"column":2}},"680":{"start":{"line":681,"column":0},"end":{"line":681,"column":32}},"681":{"start":{"line":682,"column":0},"end":{"line":682,"column":72}},"682":{"start":{"line":683,"column":0},"end":{"line":683,"column":59}},"683":{"start":{"line":684,"column":0},"end":{"line":684,"column":2}},"684":{"start":{"line":685,"column":0},"end":{"line":685,"column":51}},"685":{"start":{"line":686,"column":0},"end":{"line":686,"column":31}},"686":{"start":{"line":687,"column":0},"end":{"line":687,"column":3}},"687":{"start":{"line":688,"column":0},"end":{"line":688,"column":0}},"688":{"start":{"line":689,"column":0},"end":{"line":689,"column":40}},"689":{"start":{"line":690,"column":0},"end":{"line":690,"column":52}},"690":{"start":{"line":691,"column":0},"end":{"line":691,"column":0}},"691":{"start":{"line":692,"column":0},"end":{"line":692,"column":20}},"692":{"start":{"line":693,"column":0},"end":{"line":693,"column":9}},"693":{"start":{"line":694,"column":0},"end":{"line":694,"column":142}},"694":{"start":{"line":695,"column":0},"end":{"line":695,"column":50}},"695":{"start":{"line":696,"column":0},"end":{"line":696,"column":78}},"696":{"start":{"line":697,"column":0},"end":{"line":697,"column":3}},"697":{"start":{"line":698,"column":0},"end":{"line":698,"column":0}},"698":{"start":{"line":699,"column":0},"end":{"line":699,"column":87}},"699":{"start":{"line":700,"column":0},"end":{"line":700,"column":0}},"700":{"start":{"line":701,"column":0},"end":{"line":701,"column":67}},"701":{"start":{"line":702,"column":0},"end":{"line":702,"column":97}},"702":{"start":{"line":703,"column":0},"end":{"line":703,"column":7}},"703":{"start":{"line":704,"column":0},"end":{"line":704,"column":40}},"704":{"start":{"line":705,"column":0},"end":{"line":705,"column":15}},"705":{"start":{"line":706,"column":0},"end":{"line":706,"column":42}},"706":{"start":{"line":707,"column":0},"end":{"line":707,"column":24}},"707":{"start":{"line":708,"column":0},"end":{"line":708,"column":116}},"708":{"start":{"line":709,"column":0},"end":{"line":709,"column":11}},"709":{"start":{"line":710,"column":0},"end":{"line":710,"column":7}},"710":{"start":{"line":711,"column":0},"end":{"line":711,"column":54}},"711":{"start":{"line":712,"column":0},"end":{"line":712,"column":17}},"712":{"start":{"line":713,"column":0},"end":{"line":713,"column":57}},"713":{"start":{"line":714,"column":0},"end":{"line":714,"column":3}},"714":{"start":{"line":715,"column":0},"end":{"line":715,"column":0}},"715":{"start":{"line":716,"column":0},"end":{"line":716,"column":60}},"716":{"start":{"line":717,"column":0},"end":{"line":717,"column":104}},"717":{"start":{"line":718,"column":0},"end":{"line":718,"column":97}},"718":{"start":{"line":719,"column":0},"end":{"line":719,"column":11}},"719":{"start":{"line":720,"column":0},"end":{"line":720,"column":97}},"720":{"start":{"line":721,"column":0},"end":{"line":721,"column":61}},"721":{"start":{"line":722,"column":0},"end":{"line":722,"column":21}},"722":{"start":{"line":723,"column":0},"end":{"line":723,"column":64}},"723":{"start":{"line":724,"column":0},"end":{"line":724,"column":7}},"724":{"start":{"line":725,"column":0},"end":{"line":725,"column":3}},"725":{"start":{"line":726,"column":0},"end":{"line":726,"column":0}},"726":{"start":{"line":727,"column":0},"end":{"line":727,"column":80}},"727":{"start":{"line":728,"column":0},"end":{"line":728,"column":36}},"728":{"start":{"line":729,"column":0},"end":{"line":729,"column":63}},"729":{"start":{"line":730,"column":0},"end":{"line":730,"column":3}},"730":{"start":{"line":731,"column":0},"end":{"line":731,"column":20}},"731":{"start":{"line":732,"column":0},"end":{"line":732,"column":0}},"732":{"start":{"line":733,"column":0},"end":{"line":733,"column":80}},"733":{"start":{"line":734,"column":0},"end":{"line":734,"column":80}},"734":{"start":{"line":735,"column":0},"end":{"line":735,"column":83}},"735":{"start":{"line":736,"column":0},"end":{"line":736,"column":31}},"736":{"start":{"line":737,"column":0},"end":{"line":737,"column":37}},"737":{"start":{"line":738,"column":0},"end":{"line":738,"column":12}},"738":{"start":{"line":739,"column":0},"end":{"line":739,"column":14}},"739":{"start":{"line":740,"column":0},"end":{"line":740,"column":36}},"740":{"start":{"line":741,"column":0},"end":{"line":741,"column":29}},"741":{"start":{"line":742,"column":0},"end":{"line":742,"column":72}},"742":{"start":{"line":743,"column":0},"end":{"line":743,"column":46}},"743":{"start":{"line":744,"column":0},"end":{"line":744,"column":4}},"744":{"start":{"line":745,"column":0},"end":{"line":745,"column":0}},"745":{"start":{"line":746,"column":0},"end":{"line":746,"column":7}},"746":{"start":{"line":747,"column":0},"end":{"line":747,"column":76}},"747":{"start":{"line":748,"column":0},"end":{"line":748,"column":53}},"748":{"start":{"line":749,"column":0},"end":{"line":749,"column":17}},"749":{"start":{"line":750,"column":0},"end":{"line":750,"column":55}},"750":{"start":{"line":751,"column":0},"end":{"line":751,"column":3}},"751":{"start":{"line":752,"column":0},"end":{"line":752,"column":2}},"752":{"start":{"line":753,"column":0},"end":{"line":753,"column":19}},"753":{"start":{"line":754,"column":0},"end":{"line":754,"column":22}},"754":{"start":{"line":755,"column":0},"end":{"line":755,"column":22}},"755":{"start":{"line":756,"column":0},"end":{"line":756,"column":21}},"756":{"start":{"line":757,"column":0},"end":{"line":757,"column":28}},"757":{"start":{"line":758,"column":0},"end":{"line":758,"column":116}},"758":{"start":{"line":759,"column":0},"end":{"line":759,"column":7}},"759":{"start":{"line":760,"column":0},"end":{"line":760,"column":3}},"760":{"start":{"line":761,"column":0},"end":{"line":761,"column":0}},"761":{"start":{"line":762,"column":0},"end":{"line":762,"column":50}},"762":{"start":{"line":763,"column":0},"end":{"line":763,"column":40}},"763":{"start":{"line":764,"column":0},"end":{"line":764,"column":2}},"764":{"start":{"line":765,"column":0},"end":{"line":765,"column":51}},"765":{"start":{"line":766,"column":0},"end":{"line":766,"column":3}},"766":{"start":{"line":767,"column":0},"end":{"line":767,"column":0}},"767":{"start":{"line":768,"column":0},"end":{"line":768,"column":37}},"768":{"start":{"line":769,"column":0},"end":{"line":769,"column":18}},"769":{"start":{"line":770,"column":0},"end":{"line":770,"column":35}},"770":{"start":{"line":771,"column":0},"end":{"line":771,"column":9}},"771":{"start":{"line":772,"column":0},"end":{"line":772,"column":64}},"772":{"start":{"line":773,"column":0},"end":{"line":773,"column":33}},"773":{"start":{"line":774,"column":0},"end":{"line":774,"column":3}},"774":{"start":{"line":775,"column":0},"end":{"line":775,"column":48}},"775":{"start":{"line":776,"column":0},"end":{"line":776,"column":3}},"776":{"start":{"line":777,"column":0},"end":{"line":777,"column":0}},"777":{"start":{"line":778,"column":0},"end":{"line":778,"column":45}},"778":{"start":{"line":779,"column":0},"end":{"line":779,"column":46}},"779":{"start":{"line":780,"column":0},"end":{"line":780,"column":18}},"780":{"start":{"line":781,"column":0},"end":{"line":781,"column":35}},"781":{"start":{"line":782,"column":0},"end":{"line":782,"column":9}},"782":{"start":{"line":783,"column":0},"end":{"line":783,"column":64}},"783":{"start":{"line":784,"column":0},"end":{"line":784,"column":33}},"784":{"start":{"line":785,"column":0},"end":{"line":785,"column":3}},"785":{"start":{"line":786,"column":0},"end":{"line":786,"column":2}},"786":{"start":{"line":787,"column":0},"end":{"line":787,"column":65}},"787":{"start":{"line":788,"column":0},"end":{"line":788,"column":18}},"788":{"start":{"line":789,"column":0},"end":{"line":789,"column":16}},"789":{"start":{"line":790,"column":0},"end":{"line":790,"column":44}},"790":{"start":{"line":791,"column":0},"end":{"line":791,"column":34}},"791":{"start":{"line":792,"column":0},"end":{"line":792,"column":4}},"792":{"start":{"line":793,"column":0},"end":{"line":793,"column":2}},"793":{"start":{"line":794,"column":0},"end":{"line":794,"column":45}},"794":{"start":{"line":795,"column":0},"end":{"line":795,"column":31}},"795":{"start":{"line":796,"column":0},"end":{"line":796,"column":2}},"796":{"start":{"line":797,"column":0},"end":{"line":797,"column":7}},"797":{"start":{"line":798,"column":0},"end":{"line":798,"column":76}},"798":{"start":{"line":799,"column":0},"end":{"line":799,"column":53}},"799":{"start":{"line":800,"column":0},"end":{"line":800,"column":45}},"800":{"start":{"line":801,"column":0},"end":{"line":801,"column":18}},"801":{"start":{"line":802,"column":0},"end":{"line":802,"column":62}},"802":{"start":{"line":803,"column":0},"end":{"line":803,"column":3}},"803":{"start":{"line":804,"column":0},"end":{"line":804,"column":3}},"804":{"start":{"line":805,"column":0},"end":{"line":805,"column":0}},"805":{"start":{"line":806,"column":0},"end":{"line":806,"column":45}},"806":{"start":{"line":807,"column":0},"end":{"line":807,"column":27}},"807":{"start":{"line":808,"column":0},"end":{"line":808,"column":18}},"808":{"start":{"line":809,"column":0},"end":{"line":809,"column":35}},"809":{"start":{"line":810,"column":0},"end":{"line":810,"column":9}},"810":{"start":{"line":811,"column":0},"end":{"line":811,"column":64}},"811":{"start":{"line":812,"column":0},"end":{"line":812,"column":33}},"812":{"start":{"line":813,"column":0},"end":{"line":813,"column":3}},"813":{"start":{"line":814,"column":0},"end":{"line":814,"column":2}},"814":{"start":{"line":815,"column":0},"end":{"line":815,"column":24}},"815":{"start":{"line":816,"column":0},"end":{"line":816,"column":65}},"816":{"start":{"line":817,"column":0},"end":{"line":817,"column":9}},"817":{"start":{"line":818,"column":0},"end":{"line":818,"column":78}},"818":{"start":{"line":819,"column":0},"end":{"line":819,"column":53}},"819":{"start":{"line":820,"column":0},"end":{"line":820,"column":34}},"820":{"start":{"line":821,"column":0},"end":{"line":821,"column":20}},"821":{"start":{"line":822,"column":0},"end":{"line":822,"column":62}},"822":{"start":{"line":823,"column":0},"end":{"line":823,"column":5}},"823":{"start":{"line":824,"column":0},"end":{"line":824,"column":10}},"824":{"start":{"line":825,"column":0},"end":{"line":825,"column":32}},"825":{"start":{"line":826,"column":0},"end":{"line":826,"column":3}},"826":{"start":{"line":827,"column":0},"end":{"line":827,"column":3}},"827":{"start":{"line":828,"column":0},"end":{"line":828,"column":0}},"828":{"start":{"line":829,"column":0},"end":{"line":829,"column":35}},"829":{"start":{"line":830,"column":0},"end":{"line":830,"column":60}},"830":{"start":{"line":831,"column":0},"end":{"line":831,"column":77}},"831":{"start":{"line":832,"column":0},"end":{"line":832,"column":97}},"832":{"start":{"line":833,"column":0},"end":{"line":833,"column":72}},"833":{"start":{"line":834,"column":0},"end":{"line":834,"column":45}},"834":{"start":{"line":835,"column":0},"end":{"line":835,"column":53}},"835":{"start":{"line":836,"column":0},"end":{"line":836,"column":41}},"836":{"start":{"line":837,"column":0},"end":{"line":837,"column":3}},"837":{"start":{"line":838,"column":0},"end":{"line":838,"column":0}},"838":{"start":{"line":839,"column":0},"end":{"line":839,"column":44}},"839":{"start":{"line":840,"column":0},"end":{"line":840,"column":7}},"840":{"start":{"line":841,"column":0},"end":{"line":841,"column":75}},"841":{"start":{"line":842,"column":0},"end":{"line":842,"column":4}},"842":{"start":{"line":843,"column":0},"end":{"line":843,"column":36}},"843":{"start":{"line":844,"column":0},"end":{"line":844,"column":25}},"844":{"start":{"line":845,"column":0},"end":{"line":845,"column":36}},"845":{"start":{"line":846,"column":0},"end":{"line":846,"column":28}},"846":{"start":{"line":847,"column":0},"end":{"line":847,"column":5}},"847":{"start":{"line":848,"column":0},"end":{"line":848,"column":22}},"848":{"start":{"line":849,"column":0},"end":{"line":849,"column":83}},"849":{"start":{"line":850,"column":0},"end":{"line":850,"column":5}},"850":{"start":{"line":851,"column":0},"end":{"line":851,"column":4}},"851":{"start":{"line":852,"column":0},"end":{"line":852,"column":34}},"852":{"start":{"line":853,"column":0},"end":{"line":853,"column":34}},"853":{"start":{"line":854,"column":0},"end":{"line":854,"column":45}},"854":{"start":{"line":855,"column":0},"end":{"line":855,"column":33}},"855":{"start":{"line":856,"column":0},"end":{"line":856,"column":51}},"856":{"start":{"line":857,"column":0},"end":{"line":857,"column":13}},"857":{"start":{"line":858,"column":0},"end":{"line":858,"column":64}},"858":{"start":{"line":859,"column":0},"end":{"line":859,"column":21}},"859":{"start":{"line":860,"column":0},"end":{"line":860,"column":60}},"860":{"start":{"line":861,"column":0},"end":{"line":861,"column":9}},"861":{"start":{"line":862,"column":0},"end":{"line":862,"column":7}},"862":{"start":{"line":863,"column":0},"end":{"line":863,"column":5}},"863":{"start":{"line":864,"column":0},"end":{"line":864,"column":0}},"864":{"start":{"line":865,"column":0},"end":{"line":865,"column":82}},"865":{"start":{"line":866,"column":0},"end":{"line":866,"column":4}},"866":{"start":{"line":867,"column":0},"end":{"line":867,"column":62}},"867":{"start":{"line":868,"column":0},"end":{"line":868,"column":43}},"868":{"start":{"line":869,"column":0},"end":{"line":869,"column":17}},"869":{"start":{"line":870,"column":0},"end":{"line":870,"column":49}},"870":{"start":{"line":871,"column":0},"end":{"line":871,"column":77}},"871":{"start":{"line":872,"column":0},"end":{"line":872,"column":3}},"872":{"start":{"line":873,"column":0},"end":{"line":873,"column":3}},"873":{"start":{"line":874,"column":0},"end":{"line":874,"column":0}},"874":{"start":{"line":875,"column":0},"end":{"line":875,"column":26}},"875":{"start":{"line":876,"column":0},"end":{"line":876,"column":0}},"876":{"start":{"line":877,"column":0},"end":{"line":877,"column":37}},"877":{"start":{"line":878,"column":0},"end":{"line":878,"column":47}},"878":{"start":{"line":879,"column":0},"end":{"line":879,"column":80}},"879":{"start":{"line":880,"column":0},"end":{"line":880,"column":27}},"880":{"start":{"line":881,"column":0},"end":{"line":881,"column":22}},"881":{"start":{"line":882,"column":0},"end":{"line":882,"column":7}},"882":{"start":{"line":883,"column":0},"end":{"line":883,"column":22}},"883":{"start":{"line":884,"column":0},"end":{"line":884,"column":41}},"884":{"start":{"line":885,"column":0},"end":{"line":885,"column":42}},"885":{"start":{"line":886,"column":0},"end":{"line":886,"column":40}},"886":{"start":{"line":887,"column":0},"end":{"line":887,"column":70}},"887":{"start":{"line":888,"column":0},"end":{"line":888,"column":88}},"888":{"start":{"line":889,"column":0},"end":{"line":889,"column":92}},"889":{"start":{"line":890,"column":0},"end":{"line":890,"column":9}},"890":{"start":{"line":891,"column":0},"end":{"line":891,"column":6}},"891":{"start":{"line":892,"column":0},"end":{"line":892,"column":41}},"892":{"start":{"line":893,"column":0},"end":{"line":893,"column":38}},"893":{"start":{"line":894,"column":0},"end":{"line":894,"column":35}},"894":{"start":{"line":895,"column":0},"end":{"line":895,"column":32}},"895":{"start":{"line":896,"column":0},"end":{"line":896,"column":8}},"896":{"start":{"line":897,"column":0},"end":{"line":897,"column":42}},"897":{"start":{"line":898,"column":0},"end":{"line":898,"column":39}},"898":{"start":{"line":899,"column":0},"end":{"line":899,"column":36}},"899":{"start":{"line":900,"column":0},"end":{"line":900,"column":8}},"900":{"start":{"line":901,"column":0},"end":{"line":901,"column":40}},"901":{"start":{"line":902,"column":0},"end":{"line":902,"column":9}},"902":{"start":{"line":903,"column":0},"end":{"line":903,"column":44}},"903":{"start":{"line":904,"column":0},"end":{"line":904,"column":43}},"904":{"start":{"line":905,"column":0},"end":{"line":905,"column":38}},"905":{"start":{"line":906,"column":0},"end":{"line":906,"column":55}},"906":{"start":{"line":907,"column":0},"end":{"line":907,"column":9}},"907":{"start":{"line":908,"column":0},"end":{"line":908,"column":9}},"908":{"start":{"line":909,"column":0},"end":{"line":909,"column":141}},"909":{"start":{"line":910,"column":0},"end":{"line":910,"column":0}},"910":{"start":{"line":911,"column":0},"end":{"line":911,"column":80}},"911":{"start":{"line":912,"column":0},"end":{"line":912,"column":83}},"912":{"start":{"line":913,"column":0},"end":{"line":913,"column":6}},"913":{"start":{"line":914,"column":0},"end":{"line":914,"column":195}},"914":{"start":{"line":915,"column":0},"end":{"line":915,"column":133}},"915":{"start":{"line":916,"column":0},"end":{"line":916,"column":161}},"916":{"start":{"line":917,"column":0},"end":{"line":917,"column":0}},"917":{"start":{"line":918,"column":0},"end":{"line":918,"column":44}},"918":{"start":{"line":919,"column":0},"end":{"line":919,"column":40}},"919":{"start":{"line":920,"column":0},"end":{"line":920,"column":43}},"920":{"start":{"line":921,"column":0},"end":{"line":921,"column":48}},"921":{"start":{"line":922,"column":0},"end":{"line":922,"column":41}},"922":{"start":{"line":923,"column":0},"end":{"line":923,"column":9}},"923":{"start":{"line":924,"column":0},"end":{"line":924,"column":9}},"924":{"start":{"line":925,"column":0},"end":{"line":925,"column":6}},"925":{"start":{"line":926,"column":0},"end":{"line":926,"column":30}},"926":{"start":{"line":927,"column":0},"end":{"line":927,"column":5}},"927":{"start":{"line":928,"column":0},"end":{"line":928,"column":4}},"928":{"start":{"line":929,"column":0},"end":{"line":929,"column":80}},"929":{"start":{"line":930,"column":0},"end":{"line":930,"column":33}},"930":{"start":{"line":931,"column":0},"end":{"line":931,"column":21}},"931":{"start":{"line":932,"column":0},"end":{"line":932,"column":12}},"932":{"start":{"line":933,"column":0},"end":{"line":933,"column":56}},"933":{"start":{"line":934,"column":0},"end":{"line":934,"column":62}},"934":{"start":{"line":935,"column":0},"end":{"line":935,"column":47}},"935":{"start":{"line":936,"column":0},"end":{"line":936,"column":10}},"936":{"start":{"line":937,"column":0},"end":{"line":937,"column":58}},"937":{"start":{"line":938,"column":0},"end":{"line":938,"column":22}},"938":{"start":{"line":939,"column":0},"end":{"line":939,"column":100}},"939":{"start":{"line":940,"column":0},"end":{"line":940,"column":8}},"940":{"start":{"line":941,"column":0},"end":{"line":941,"column":7}},"941":{"start":{"line":942,"column":0},"end":{"line":942,"column":76}},"942":{"start":{"line":943,"column":0},"end":{"line":943,"column":22}},"943":{"start":{"line":944,"column":0},"end":{"line":944,"column":120}},"944":{"start":{"line":945,"column":0},"end":{"line":945,"column":0}},"945":{"start":{"line":946,"column":0},"end":{"line":946,"column":117}},"946":{"start":{"line":947,"column":0},"end":{"line":947,"column":0}},"947":{"start":{"line":948,"column":0},"end":{"line":948,"column":46}},"948":{"start":{"line":949,"column":0},"end":{"line":949,"column":164}},"949":{"start":{"line":950,"column":0},"end":{"line":950,"column":12}},"950":{"start":{"line":951,"column":0},"end":{"line":951,"column":0}},"951":{"start":{"line":952,"column":0},"end":{"line":952,"column":45}},"952":{"start":{"line":953,"column":0},"end":{"line":953,"column":58}},"953":{"start":{"line":954,"column":0},"end":{"line":954,"column":47}},"954":{"start":{"line":955,"column":0},"end":{"line":955,"column":14}},"955":{"start":{"line":956,"column":0},"end":{"line":956,"column":101}},"956":{"start":{"line":957,"column":0},"end":{"line":957,"column":0}},"957":{"start":{"line":958,"column":0},"end":{"line":958,"column":84}},"958":{"start":{"line":959,"column":0},"end":{"line":959,"column":244}},"959":{"start":{"line":960,"column":0},"end":{"line":960,"column":15}},"960":{"start":{"line":961,"column":0},"end":{"line":961,"column":0}},"961":{"start":{"line":962,"column":0},"end":{"line":962,"column":44}},"962":{"start":{"line":963,"column":0},"end":{"line":963,"column":50}},"963":{"start":{"line":964,"column":0},"end":{"line":964,"column":33}},"964":{"start":{"line":965,"column":0},"end":{"line":965,"column":40}},"965":{"start":{"line":966,"column":0},"end":{"line":966,"column":45}},"966":{"start":{"line":967,"column":0},"end":{"line":967,"column":45}},"967":{"start":{"line":968,"column":0},"end":{"line":968,"column":37}},"968":{"start":{"line":969,"column":0},"end":{"line":969,"column":0}},"969":{"start":{"line":970,"column":0},"end":{"line":970,"column":27}},"970":{"start":{"line":971,"column":0},"end":{"line":971,"column":76}},"971":{"start":{"line":972,"column":0},"end":{"line":972,"column":35}},"972":{"start":{"line":973,"column":0},"end":{"line":973,"column":115}},"973":{"start":{"line":974,"column":0},"end":{"line":974,"column":0}},"974":{"start":{"line":975,"column":0},"end":{"line":975,"column":54}},"975":{"start":{"line":976,"column":0},"end":{"line":976,"column":68}},"976":{"start":{"line":977,"column":0},"end":{"line":977,"column":72}},"977":{"start":{"line":978,"column":0},"end":{"line":978,"column":70}},"978":{"start":{"line":979,"column":0},"end":{"line":979,"column":55}},"979":{"start":{"line":980,"column":0},"end":{"line":980,"column":71}},"980":{"start":{"line":981,"column":0},"end":{"line":981,"column":71}},"981":{"start":{"line":982,"column":0},"end":{"line":982,"column":42}},"982":{"start":{"line":983,"column":0},"end":{"line":983,"column":71}},"983":{"start":{"line":984,"column":0},"end":{"line":984,"column":35}},"984":{"start":{"line":985,"column":0},"end":{"line":985,"column":31}},"985":{"start":{"line":986,"column":0},"end":{"line":986,"column":27}},"986":{"start":{"line":987,"column":0},"end":{"line":987,"column":56}},"987":{"start":{"line":988,"column":0},"end":{"line":988,"column":50}},"988":{"start":{"line":989,"column":0},"end":{"line":989,"column":60}},"989":{"start":{"line":990,"column":0},"end":{"line":990,"column":34}},"990":{"start":{"line":991,"column":0},"end":{"line":991,"column":46}},"991":{"start":{"line":992,"column":0},"end":{"line":992,"column":27}},"992":{"start":{"line":993,"column":0},"end":{"line":993,"column":30}},"993":{"start":{"line":994,"column":0},"end":{"line":994,"column":43}},"994":{"start":{"line":995,"column":0},"end":{"line":995,"column":70}},"995":{"start":{"line":996,"column":0},"end":{"line":996,"column":23}},"996":{"start":{"line":997,"column":0},"end":{"line":997,"column":19}},"997":{"start":{"line":998,"column":0},"end":{"line":998,"column":22}},"998":{"start":{"line":999,"column":0},"end":{"line":999,"column":47}},"999":{"start":{"line":1000,"column":0},"end":{"line":1000,"column":39}},"1000":{"start":{"line":1001,"column":0},"end":{"line":1001,"column":15}},"1001":{"start":{"line":1002,"column":0},"end":{"line":1002,"column":0}},"1002":{"start":{"line":1003,"column":0},"end":{"line":1003,"column":45}},"1003":{"start":{"line":1004,"column":0},"end":{"line":1004,"column":92}},"1004":{"start":{"line":1005,"column":0},"end":{"line":1005,"column":42}},"1005":{"start":{"line":1006,"column":0},"end":{"line":1006,"column":45}},"1006":{"start":{"line":1007,"column":0},"end":{"line":1007,"column":18}},"1007":{"start":{"line":1008,"column":0},"end":{"line":1008,"column":32}},"1008":{"start":{"line":1009,"column":0},"end":{"line":1009,"column":53}},"1009":{"start":{"line":1010,"column":0},"end":{"line":1010,"column":60}},"1010":{"start":{"line":1011,"column":0},"end":{"line":1011,"column":45}},"1011":{"start":{"line":1012,"column":0},"end":{"line":1012,"column":111}},"1012":{"start":{"line":1013,"column":0},"end":{"line":1013,"column":49}},"1013":{"start":{"line":1014,"column":0},"end":{"line":1014,"column":82}},"1014":{"start":{"line":1015,"column":0},"end":{"line":1015,"column":57}},"1015":{"start":{"line":1016,"column":0},"end":{"line":1016,"column":67}},"1016":{"start":{"line":1017,"column":0},"end":{"line":1017,"column":27}},"1017":{"start":{"line":1018,"column":0},"end":{"line":1018,"column":23}},"1018":{"start":{"line":1019,"column":0},"end":{"line":1019,"column":26}},"1019":{"start":{"line":1020,"column":0},"end":{"line":1020,"column":43}},"1020":{"start":{"line":1021,"column":0},"end":{"line":1021,"column":114}},"1021":{"start":{"line":1022,"column":0},"end":{"line":1022,"column":19}},"1022":{"start":{"line":1023,"column":0},"end":{"line":1023,"column":22}},"1023":{"start":{"line":1024,"column":0},"end":{"line":1024,"column":74}},"1024":{"start":{"line":1025,"column":0},"end":{"line":1025,"column":38}},"1025":{"start":{"line":1026,"column":0},"end":{"line":1026,"column":55}},"1026":{"start":{"line":1027,"column":0},"end":{"line":1027,"column":49}},"1027":{"start":{"line":1028,"column":0},"end":{"line":1028,"column":19}},"1028":{"start":{"line":1029,"column":0},"end":{"line":1029,"column":101}},"1029":{"start":{"line":1030,"column":0},"end":{"line":1030,"column":54}},"1030":{"start":{"line":1031,"column":0},"end":{"line":1031,"column":19}},"1031":{"start":{"line":1032,"column":0},"end":{"line":1032,"column":15}},"1032":{"start":{"line":1033,"column":0},"end":{"line":1033,"column":0}},"1033":{"start":{"line":1034,"column":0},"end":{"line":1034,"column":42}},"1034":{"start":{"line":1035,"column":0},"end":{"line":1035,"column":54}},"1035":{"start":{"line":1036,"column":0},"end":{"line":1036,"column":53}},"1036":{"start":{"line":1037,"column":0},"end":{"line":1037,"column":23}},"1037":{"start":{"line":1038,"column":0},"end":{"line":1038,"column":47}},"1038":{"start":{"line":1039,"column":0},"end":{"line":1039,"column":74}},"1039":{"start":{"line":1040,"column":0},"end":{"line":1040,"column":56}},"1040":{"start":{"line":1041,"column":0},"end":{"line":1041,"column":57}},"1041":{"start":{"line":1042,"column":0},"end":{"line":1042,"column":94}},"1042":{"start":{"line":1043,"column":0},"end":{"line":1043,"column":71}},"1043":{"start":{"line":1044,"column":0},"end":{"line":1044,"column":31}},"1044":{"start":{"line":1045,"column":0},"end":{"line":1045,"column":80}},"1045":{"start":{"line":1046,"column":0},"end":{"line":1046,"column":19}},"1046":{"start":{"line":1047,"column":0},"end":{"line":1047,"column":15}},"1047":{"start":{"line":1048,"column":0},"end":{"line":1048,"column":14}},"1048":{"start":{"line":1049,"column":0},"end":{"line":1049,"column":76}},"1049":{"start":{"line":1050,"column":0},"end":{"line":1050,"column":12}},"1050":{"start":{"line":1051,"column":0},"end":{"line":1051,"column":8}},"1051":{"start":{"line":1052,"column":0},"end":{"line":1052,"column":5}},"1052":{"start":{"line":1053,"column":0},"end":{"line":1053,"column":0}},"1053":{"start":{"line":1054,"column":0},"end":{"line":1054,"column":69}},"1054":{"start":{"line":1055,"column":0},"end":{"line":1055,"column":28}},"1055":{"start":{"line":1056,"column":0},"end":{"line":1056,"column":31}},"1056":{"start":{"line":1057,"column":0},"end":{"line":1057,"column":42}},"1057":{"start":{"line":1058,"column":0},"end":{"line":1058,"column":4}},"1058":{"start":{"line":1059,"column":0},"end":{"line":1059,"column":30}},"1059":{"start":{"line":1060,"column":0},"end":{"line":1060,"column":17}},"1060":{"start":{"line":1061,"column":0},"end":{"line":1061,"column":49}},"1061":{"start":{"line":1062,"column":0},"end":{"line":1062,"column":86}},"1062":{"start":{"line":1063,"column":0},"end":{"line":1063,"column":59}},"1063":{"start":{"line":1064,"column":0},"end":{"line":1064,"column":40}},"1064":{"start":{"line":1065,"column":0},"end":{"line":1065,"column":43}},"1065":{"start":{"line":1066,"column":0},"end":{"line":1066,"column":70}},"1066":{"start":{"line":1067,"column":0},"end":{"line":1067,"column":35}},"1067":{"start":{"line":1068,"column":0},"end":{"line":1068,"column":38}},"1068":{"start":{"line":1069,"column":0},"end":{"line":1069,"column":48}},"1069":{"start":{"line":1070,"column":0},"end":{"line":1070,"column":35}},"1070":{"start":{"line":1071,"column":0},"end":{"line":1071,"column":38}},"1071":{"start":{"line":1072,"column":0},"end":{"line":1072,"column":55}},"1072":{"start":{"line":1073,"column":0},"end":{"line":1073,"column":40}},"1073":{"start":{"line":1074,"column":0},"end":{"line":1074,"column":43}},"1074":{"start":{"line":1075,"column":0},"end":{"line":1075,"column":12}},"1075":{"start":{"line":1076,"column":0},"end":{"line":1076,"column":86}},"1076":{"start":{"line":1077,"column":0},"end":{"line":1077,"column":79}},"1077":{"start":{"line":1078,"column":0},"end":{"line":1078,"column":43}},"1078":{"start":{"line":1079,"column":0},"end":{"line":1079,"column":38}},"1079":{"start":{"line":1080,"column":0},"end":{"line":1080,"column":69}},"1080":{"start":{"line":1081,"column":0},"end":{"line":1081,"column":16}},"1081":{"start":{"line":1082,"column":0},"end":{"line":1082,"column":43}},"1082":{"start":{"line":1083,"column":0},"end":{"line":1083,"column":65}},"1083":{"start":{"line":1084,"column":0},"end":{"line":1084,"column":9}},"1084":{"start":{"line":1085,"column":0},"end":{"line":1085,"column":5}},"1085":{"start":{"line":1086,"column":0},"end":{"line":1086,"column":4}},"1086":{"start":{"line":1087,"column":0},"end":{"line":1087,"column":285}},"1087":{"start":{"line":1088,"column":0},"end":{"line":1088,"column":147}},"1088":{"start":{"line":1089,"column":0},"end":{"line":1089,"column":0}},"1089":{"start":{"line":1090,"column":0},"end":{"line":1090,"column":40}},"1090":{"start":{"line":1091,"column":0},"end":{"line":1091,"column":32}},"1091":{"start":{"line":1092,"column":0},"end":{"line":1092,"column":42}},"1092":{"start":{"line":1093,"column":0},"end":{"line":1093,"column":114}},"1093":{"start":{"line":1094,"column":0},"end":{"line":1094,"column":9}},"1094":{"start":{"line":1095,"column":0},"end":{"line":1095,"column":58}},"1095":{"start":{"line":1096,"column":0},"end":{"line":1096,"column":12}},"1096":{"start":{"line":1097,"column":0},"end":{"line":1097,"column":109}},"1097":{"start":{"line":1098,"column":0},"end":{"line":1098,"column":46}},"1098":{"start":{"line":1099,"column":0},"end":{"line":1099,"column":52}},"1099":{"start":{"line":1100,"column":0},"end":{"line":1100,"column":9}},"1100":{"start":{"line":1101,"column":0},"end":{"line":1101,"column":5}},"1101":{"start":{"line":1102,"column":0},"end":{"line":1102,"column":13}},"1102":{"start":{"line":1103,"column":0},"end":{"line":1103,"column":25}},"1103":{"start":{"line":1104,"column":0},"end":{"line":1104,"column":3}},"1104":{"start":{"line":1105,"column":0},"end":{"line":1105,"column":1}},"1105":{"start":{"line":1106,"column":0},"end":{"line":1106,"column":0}},"1106":{"start":{"line":1107,"column":0},"end":{"line":1107,"column":3}},"1107":{"start":{"line":1108,"column":0},"end":{"line":1108,"column":57}},"1108":{"start":{"line":1109,"column":0},"end":{"line":1109,"column":85}},"1109":{"start":{"line":1110,"column":0},"end":{"line":1110,"column":2}},"1110":{"start":{"line":1111,"column":0},"end":{"line":1111,"column":65}},"1111":{"start":{"line":1112,"column":0},"end":{"line":1112,"column":3}},"1112":{"start":{"line":1113,"column":0},"end":{"line":1113,"column":34}},"1113":{"start":{"line":1114,"column":0},"end":{"line":1114,"column":32}},"1114":{"start":{"line":1115,"column":0},"end":{"line":1115,"column":23}},"1115":{"start":{"line":1116,"column":0},"end":{"line":1116,"column":34}},"1116":{"start":{"line":1117,"column":0},"end":{"line":1117,"column":3}},"1117":{"start":{"line":1118,"column":0},"end":{"line":1118,"column":2}},"1118":{"start":{"line":1119,"column":0},"end":{"line":1119,"column":20}},"1119":{"start":{"line":1120,"column":0},"end":{"line":1120,"column":29}},"1120":{"start":{"line":1121,"column":0},"end":{"line":1121,"column":2}},"1121":{"start":{"line":1122,"column":0},"end":{"line":1122,"column":26}},"1122":{"start":{"line":1123,"column":0},"end":{"line":1123,"column":71}},"1123":{"start":{"line":1124,"column":0},"end":{"line":1124,"column":73}},"1124":{"start":{"line":1125,"column":0},"end":{"line":1125,"column":1}},"1125":{"start":{"line":1126,"column":0},"end":{"line":1126,"column":76}},"1126":{"start":{"line":1127,"column":0},"end":{"line":1127,"column":76}},"1127":{"start":{"line":1128,"column
[...]
":2},"end":{"line":525,"column":3}}]},"97":{"type":"branch","line":520,"loc":{"start":{"line":520,"column":8},"end":{"line":520,"column":49}},"locations":[{"start":{"line":520,"column":8},"end":{"line":520,"column":49}}]},"98":{"type":"branch","line":521,"loc":{"start":{"line":521,"column":43},"end":{"line":523,"column":7}},"locations":[{"start":{"line":521,"column":43},"end":{"line":523,"column":7}}]},"99":{"type":"branch","line":527,"loc":{"start":{"line":527,"column":2},"end":{"line":726,"column":3}},"locations":[{"start":{"line":527,"column":2},"end":{"line":726,"column":3}}]},"100":{"type":"branch","line":551,"loc":{"start":{"line":551,"column":24},"end":{"line":551,"column":53}},"locations":[{"start":{"line":551,"column":24},"end":{"line":551,"column":53}}]},"101":{"type":"branch","line":551,"loc":{"start":{"line":551,"column":55},"end":{"line":568,"column":7}},"locations":[{"start":{"line":551,"column":55},"end":{"line":568,"column":7}}]},"102":{"type":"branch","line":573,"loc":{"start":{"line":573,"column":24},"end":{"line":573,"column":53}},"locations":[{"start":{"line":573,"column":24},"end":{"line":573,"column":53}}]},"103":{"type":"branch","line":573,"loc":{"start":{"line":573,"column":55},"end":{"line":577,"column":7}},"locations":[{"start":{"line":573,"column":55},"end":{"line":577,"column":7}}]},"104":{"type":"branch","line":577,"loc":{"start":{"line":577,"column":31},"end":{"line":577,"column":62}},"locations":[{"start":{"line":577,"column":31},"end":{"line":577,"column":62}}]},"105":{"type":"branch","line":577,"loc":{"start":{"line":577,"column":64},"end":{"line":580,"column":7}},"locations":[{"start":{"line":577,"column":64},"end":{"line":580,"column":7}}]},"106":{"type":"branch","line":590,"loc":{"start":{"line":590,"column":58},"end":{"line":635,"column":79}},"locations":[{"start":{"line":590,"column":58},"end":{"line":635,"column":79}}]},"107":{"type":"branch","line":599,"loc":{"start":{"line":599,"column":51},"end":{"line":616,"column":11}},"locations":[{"start":{"line":599,"column":51},"end":{"line":616,"column":11}}]},"108":{"type":"branch","line":625,"loc":{"start":{"line":625,"column":39},"end":{"line":629,"column":7}},"locations":[{"start":{"line":625,"column":39},"end":{"line":629,"column":7}}]},"109":{"type":"branch","line":629,"loc":{"start":{"line":629,"column":6},"end":{"line":635,"column":79}},"locations":[{"start":{"line":629,"column":6},"end":{"line":635,"column":79}}]},"110":{"type":"branch","line":640,"loc":{"start":{"line":640,"column":66},"end":{"line":721,"column":6}},"locations":[{"start":{"line":640,"column":66},"end":{"line":721,"column":6}}]},"111":{"type":"branch","line":640,"loc":{"start":{"line":640,"column":66},"end":{"line":716,"column":7}},"locations":[{"start":{"line":640,"column":66},"end":{"line":716,"column":7}}]},"112":{"type":"branch","line":645,"loc":{"start":{"line":645,"column":34},"end":{"line":662,"column":9}},"locations":[{"start":{"line":645,"column":34},"end":{"line":662,"column":9}}]},"113":{"type":"branch","line":646,"loc":{"start":{"line":646,"column":26},"end":{"line":646,"column":35}},"locations":[{"start":{"line":646,"column":26},"end":{"line":646,"column":35}}]},"114":{"type":"branch","line":650,"loc":{"start":{"line":650,"column":46},"end":{"line":650,"column":69}},"locations":[{"start":{"line":650,"column":46},"end":{"line":650,"column":69}}]},"115":{"type":"branch","line":650,"loc":{"start":{"line":650,"column":69},"end":{"line":650,"column":76}},"locations":[{"start":{"line":650,"column":69},"end":{"line":650,"column":76}}]},"116":{"type":"branch","line":651,"loc":{"start":{"line":651,"column":44},"end":{"line":659,"column":11}},"locations":[{"start":{"line":651,"column":44},"end":{"line":659,"column":11}}]},"117":{"type":"branch","line":656,"loc":{"start":{"line":656,"column":15},"end":{"line":658,"column":15}},"locations":[{"start":{"line":656,"column":15},"end":{"line":658,"column":15}}]},"118":{"type":"branch","line":664,"loc":{"start":{"line":664,"column":34},"end":{"line":668,"column":9}},"locations":[{"start":{"line":664,"column":34},"end":{"line":668,"column":9}}]},"119":{"type":"branch","line":675,"loc":{"start":{"line":675,"column":37},"end":{"line":686,"column":19}},"locations":[{"start":{"line":675,"column":37},"end":{"line":686,"column":19}}]},"120":{"type":"branch","line":677,"loc":{"start":{"line":677,"column":89},"end":{"line":678,"column":29}},"locations":[{"start":{"line":677,"column":89},"end":{"line":678,"column":29}}]},"121":{"type":"branch","line":678,"loc":{"start":{"line":678,"column":29},"end":{"line":678,"column":35}},"locations":[{"start":{"line":678,"column":29},"end":{"line":678,"column":35}}]},"122":{"type":"branch","line":678,"loc":{"start":{"line":678,"column":29},"end":{"line":686,"column":19}},"locations":[{"start":{"line":678,"column":29},"end":{"line":686,"column":19}}]},"123":{"type":"branch","line":678,"loc":{"start":{"line":678,"column":29},"end":{"line":680,"column":12}},"locations":[{"start":{"line":678,"column":29},"end":{"line":680,"column":12}}]},"124":{"type":"branch","line":680,"loc":{"start":{"line":680,"column":12},"end":{"line":682,"column":11}},"locations":[{"start":{"line":680,"column":12},"end":{"line":682,"column":11}}]},"125":{"type":"branch","line":682,"loc":{"start":{"line":682,"column":10},"end":{"line":686,"column":19}},"locations":[{"start":{"line":682,"column":10},"end":{"line":686,"column":19}}]},"126":{"type":"branch","line":687,"loc":{"start":{"line":687,"column":21},"end":{"line":687,"column":37}},"locations":[{"start":{"line":687,"column":21},"end":{"line":687,"column":37}}]},"127":{"type":"branch","line":687,"loc":{"start":{"line":687,"column":39},"end":{"line":693,"column":9}},"locations":[{"start":{"line":687,"column":39},"end":{"line":693,"column":9}}]},"128":{"type":"branch","line":688,"loc":{"start":{"line":688,"column":33},"end":{"line":688,"column":51}},"locations":[{"start":{"line":688,"column":33},"end":{"line":688,"column":51}}]},"129":{"type":"branch","line":689,"loc":{"start":{"line":689,"column":37},"end":{"line":689,"column":59}},"locations":[{"start":{"line":689,"column":37},"end":{"line":689,"column":59}}]},"130":{"type":"branch","line":691,"loc":{"start":{"line":691,"column":47},"end":{"line":691,"column":51}},"locations":[{"start":{"line":691,"column":47},"end":{"line":691,"column":51}}]},"131":{"type":"branch","line":693,"loc":{"start":{"line":693,"column":8},"end":{"line":716,"column":7}},"locations":[{"start":{"line":693,"column":8},"end":{"line":716,"column":7}}]},"132":{"type":"branch","line":716,"loc":{"start":{"line":716,"column":6},"end":{"line":721,"column":6}},"locations":[{"start":{"line":716,"column":6},"end":{"line":721,"column":6}}]},"133":{"type":"branch","line":721,"loc":{"start":{"line":721,"column":6},"end":{"line":725,"column":5}},"locations":[{"start":{"line":721,"column":6},"end":{"line":725,"column":5}}]},"134":{"type":"branch","line":535,"loc":{"start":{"line":535,"column":24},"end":{"line":546,"column":7}},"locations":[{"start":{"line":535,"column":24},"end":{"line":546,"column":7}}]},"135":{"type":"branch","line":536,"loc":{"start":{"line":536,"column":34},"end":{"line":545,"column":11}},"locations":[{"start":{"line":536,"column":34},"end":{"line":545,"column":11}}]},"136":{"type":"branch","line":540,"loc":{"start":{"line":540,"column":45},"end":{"line":542,"column":15}},"locations":[{"start":{"line":540,"column":45},"end":{"line":542,"column":15}}]},"137":{"type":"branch","line":544,"loc":{"start":{"line":544,"column":43},"end":{"line":544,"column":80}},"locations":[{"start":{"line":544,"column":43},"end":{"line":544,"column":80}}]},"138":{"type":"branch","line":544,"loc":{"start":{"line":544,"column":54},"end":{"line":544,"column":68}},"locations":[{"start":{"line":544,"column":54},"end":{"line":544,"column":68}}]},"139":{"type":"branch","line":585,"loc":{"start":{"line":585,"column":43},"end":{"line":590,"column":7}},"locations":[{"start":{"line":585,"column":43},"end":{"line":590,"column":7}}]},"140":{"type":"branch","line":586,"loc":{"start":{"line":586,"column":77},"end":{"line":589,"column":9}},"locations":[{"start":{"line":586,"column":77},"end":{"line":589,"column":9}}]},"141":{"type":"branch","line":587,"loc":{"start":{"line":587,"column":19},"end":{"line":587,"column":38}},"locations":[{"start":{"line":587,"column":19},"end":{"line":587,"column":38}}]},"142":{"type":"branch","line":587,"loc":{"start":{"line":587,"column":37},"end":{"line":588,"column":28}},"locations":[{"start":{"line":587,"column":37},"end":{"line":588,"column":28}}]},"143":{"type":"branch","line":588,"loc":{"start":{"line":588,"column":22},"end":{"line":588,"column":28}},"locations":[{"start":{"line":588,"column":22},"end":{"line":588,"column":28}}]},"144":{"type":"branch","line":590,"loc":{"start":{"line":590,"column":15},"end":{"line":590,"column":57}},"locations":[{"start":{"line":590,"column":15},"end":{"line":590,"column":57}}]},"145":{"type":"branch","line":595,"loc":{"start":{"line":595,"column":47},"end":{"line":595,"column":56}},"locations":[{"start":{"line":595,"column":47},"end":{"line":595,"column":56}}]},"146":{"type":"branch","line":620,"loc":{"start":{"line":620,"column":42},"end":{"line":623,"column":7}},"locations":[{"start":{"line":620,"column":42},"end":{"line":623,"column":7}}]},"147":{"type":"branch","line":622,"loc":{"start":{"line":622,"column":34},"end":{"line":622,"column":60}},"locations":[{"start":{"line":622,"column":34},"end":{"line":622,"column":60}}]},"148":{"type":"branch","line":683,"loc":{"start":{"line":683,"column":28},"end":{"line":683,"column":67}},"locations":[{"start":{"line":683,"column":28},"end":{"line":683,"column":67}}]},"149":{"type":"branch","line":700,"loc":{"start":{"line":700,"column":41},"end":{"line":715,"column":9}},"locations":[{"start":{"line":700,"column":41},"end":{"line":715,"column":9}}]},"150":{"type":"branch","line":703,"loc":{"start":{"line":703,"column":58},"end":{"line":708,"column":15}},"locations":[{"start":{"line":703,"column":58},"end":{"line":708,"column":15}}]},"151":{"type":"branch","line":709,"loc":{"start":{"line":709,"column":13},"end":{"line":711,"column":12}},"locations":[{"start":{"line":709,"column":13},"end":{"line":711,"column":12}}]}},"b":{"0":[326],"1":[15],"2":[29],"3":[28],"4":[7],"5":[22],"6":[7],"7":[7],"8":[7],"9":[20],"10":[0],"11":[20],"12":[20],"13":[20],"14":[0],"15":[20],"16":[0],"17":[20],"18":[0],"19":[20],"20":[0],"21":[20],"22":[0],"23":[20],"24":[0],"25":[1],"26":[20],"27":[20],"28":[20],"29":[8],"30":[1],"31":[7],"32":[0],"33":[7],"34":[0],"35":[0],"36":[0],"37":[7],"38":[5],"39":[3],"40":[5],"41":[0],"42":[0],"43":[2],"44":[7],"45":[4],"46":[2],"47":[2],"48":[2],"49":[2],"50":[4],"51":[0],"52":[0],"53":[1],"54":[1],"55":[1],"56":[1],"57":[3],"58":[1],"59":[2],"60":[0],"61":[2],"62":[0],"63":[0],"64":[2],"65":[9],"66":[8],"67":[8],"68":[8],"69":[0],"70":[0],"71":[0],"72":[0],"73":[5],"74":[0],"75":[6],"76":[0],"77":[0],"78":[27],"79":[27],"80":[27],"81":[0],"82":[6],"83":[6],"84":[6],"85":[0],"86":[10],"87":[6],"88":[2],"89":[0],"90":[9],"91":[8],"92":[7],"93":[9],"94":[8],"95":[7],"96":[1],"97":[0],"98":[0],"99":[9],"100":[0],"101":[0],"102":[0],"103":[0],"104":[0],"105":[0],"106":[8],"107":[0],"108":[1],"109":[7],"110":[8],"111":[7],"112":[8],"113":[0],"114":[7],"115":[1],"116":[2],"117":[0],"118":[0],"119":[16],"120":[10],"121":[6],"122":[15],"123":[4],"124":[6],"125":[10],"126":[6],"127":[1],"128":[0],"129":[0],"130":[0],"131":[6],"132":[6],"133":[2],"134":[9],"135":[9],"136":[8],"137":[9],"138":[0],"139":[9],"140":[9],"141":[1],"142":[8],"143":[0],"144":[1],"145":[8],"146":[8],"147":[0],"148":[10],"149":[6],"150":[7],"151":[0]},"fnMap":{"0":{"name":"JoplinSyncClient","decl":{"start":{"line":19,"column":2},"end":{"line":31,"column":3}},"loc":{"start":{"line":19,"column":2},"end":{"line":31,"column":3}},"line":19},"1":{"name":"init","decl":{"start":{"line":33,"column":2},"end":{"line":219,"column":3}},"loc":{"start":{"line":33,"column":2},"end":{"line":219,"column":3}},"line":33},"2":{"name":"debug","decl":{"start":{"line":50,"column":15},"end":{"line":50,"column":23}},"loc":{"start":{"line":50,"column":15},"end":{"line":50,"column":23}},"line":50},"3":{"name":"info","decl":{"start":{"line":51,"column":14},"end":{"line":51,"column":22}},"loc":{"start":{"line":51,"column":14},"end":{"line":51,"column":22}},"line":51},"4":{"name":"warn","decl":{"start":{"line":52,"column":14},"end":{"line":52,"column":22}},"loc":{"start":{"line":52,"column":14},"end":{"line":52,"column":22}},"line":52},"5":{"name":"error","decl":{"start":{"line":53,"column":15},"end":{"line":57,"column":9}},"loc":{"start":{"line":53,"column":15},"end":{"line":57,"column":9}},"line":53},"6":{"name":"setLevel","decl":{"start":{"line":58,"column":18},"end":{"line":58,"column":27}},"loc":{"start":{"line":58,"column":18},"end":{"line":58,"column":27}},"line":58},"7":{"name":"trapError","decl":{"start":{"line":102,"column":23},"end":{"line":108,"column":5}},"loc":{"start":{"line":102,"column":23},"end":{"line":108,"column":5}},"line":102},"8":{"name":"logger.error","decl":{"start":{"line":110,"column":19},"end":{"line":110,"column":76}},"loc":{"start":{"line":110,"column":19},"end":{"line":110,"column":76}},"line":110},"9":{"name":"logger.warn","decl":{"start":{"line":111,"column":18},"end":{"line":111,"column":74}},"loc":{"start":{"line":111,"column":18},"end":{"line":111,"column":74}},"line":111},"10":{"name":"logger.info","decl":{"start":{"line":112,"column":18},"end":{"line":112,"column":74}},"loc":{"start":{"line":112,"column":18},"end":{"line":112,"column":74}},"line":112},"11":{"name":"debug","decl":{"start":{"line":117,"column":15},"end":{"line":117,"column":23}},"loc":{"start":{"line":117,"column":15},"end":{"line":117,"column":23}},"line":117},"12":{"name":"info","decl":{"start":{"line":118,"column":14},"end":{"line":118,"column":22}},"loc":{"start":{"line":118,"column":14},"end":{"line":118,"column":22}},"line":118},"13":{"name":"warn","decl":{"start":{"line":119,"column":14},"end":{"line":119,"column":22}},"loc":{"start":{"line":119,"column":14},"end":{"line":119,"column":22}},"line":119},"14":{"name":"error","decl":{"start":{"line":120,"column":15},"end":{"line":124,"column":9}},"loc":{"start":{"line":120,"column":15},"end":{"line":124,"column":9}},"line":120},"15":{"name":"setLevel","decl":{"start":{"line":125,"column":18},"end":{"line":125,"column":26}},"loc":{"start":{"line":125,"column":18},"end":{"line":125,"column":26}},"line":125},"16":{"name":"getState","decl":{"start":{"line":132,"column":51},"end":{"line":132,"column":113}},"loc":{"start":{"line":132,"column":51},"end":{"line":132,"column":113}},"line":132},"17":{"name":"dispatch","decl":{"start":{"line":132,"column":125},"end":{"line":132,"column":134}},"loc":{"start":{"line":132,"column":125},"end":{"line":132,"column":134}},"line":132},"18":{"name":"get name","decl":{"start":{"line":138,"column":6},"end":{"line":138,"column":36}},"loc":{"start":{"line":138,"column":6},"end":{"line":138,"column":36}},"line":138},"19":{"name":"get appId","decl":{"start":{"line":139,"column":6},"end":{"line":139,"column":38}},"loc":{"start":{"line":139,"column":6},"end":{"line":139,"column":38}},"line":139},"20":{"name":"get clientId","decl":{"start":{"line":140,"column":6},"end":{"line":140,"column":48}},"loc":{"start":{"line":140,"column":6},"end":{"line":140,"column":48}},"line":140},"21":{"name":"supported","decl":{"start":{"line":141,"column":6},"end":{"line":141,"column":40}},"loc":{"start":{"line":141,"column":6},"end":{"line":141,"column":40}},"line":141},"22":{"name":"setPassword","decl":{"start":{"line":144,"column":6},"end":{"line":147,"column":7}},"loc":{"start":{"line":144,"column":6},"end":{"line":147,"column":7}},"line":144},"23":{"name":"password","decl":{"start":{"line":149,"column":6},"end":{"line":152,"column":7}},"loc":{"start":{"line":149,"column":6},"end":{"line":152,"column":7}},"line":149},"24":{"name":"deletePassword","decl":{"start":{"line":154,"column":6},"end":{"line":157,"column":7}},"loc":{"start":{"line":154,"column":6},"end":{"line":157,"column":7}},"line":154},"25":{"name":"detectIfMacOsKeychainBug","decl":{"start":{"line":159,"column":6},"end":{"line":159,"column":56}},"loc":{"start":{"line":159,"column":6},"end":{"line":159,"column":56}},"line":159},"26":{"name":"BaseItem.revisionService","decl":{"start":{"line":182,"column":31},"end":{"line":187,"column":5}},"loc":{"start":{"line":182,"column":31},"end":{"line":187,"column":5}},"line":182},"27":{"name":"synchronizer.dispatch","decl":{"start":{"line":210,"column":34},"end":{"line":216,"column":5}},"loc":{"start":{"line":210,"column":34},"end":{"line":216,"column":5}},"line":210},"28":{"name":"sync","decl":{"start":{"line":227,"column":2},"end":{"line":322,"column":3}},"loc":{"start":{"line":227,"column":2},"end":{"line":322,"column":3}},"line":227},"29":{"name":"interceptLog","decl":{"start":{"line":280,"column":25},"end":{"line":285,"column":5}},"loc":{"start":{"line":280,"column":25},"end":{"line":285,"column":5}},"line":280},"30":{"name":"console.error","decl":{"start":{"line":287,"column":20},"end":{"line":287,"column":86}},"loc":{"start":{"line":287,"column":20},"end":{"line":287,"column":86}},"line":287},"31":{"name":"console.warn","decl":{"start":{"line":288,"column":19},"end":{"line":288,"column":84}},"loc":{"start":{"line":288,"column":19},"end":{"line":288,"column":84}},"line":288},"32":{"name":"console.log","decl":{"start":{"line":289,"column":18},"end":{"line":289,"column":82}},"loc":{"start":{"line":289,"column":18},"end":{"line":289,"column":82}},"line":289},"33":{"name":"console.info","decl":{"start":{"line":290,"column":19},"end":{"line":290,"column":84}},"loc":{"start":{"line":290,"column":19},"end":{"line":290,"column":84}},"line":290},"34":{"name":"decrypt","decl":{"start":{"line":324,"column":2},"end":{"line":363,"column":3}},"loc":{"start":{"line":324,"column":2},"end":{"line":363,"column":3}},"line":324},"35":{"name":"buildFolderPathLookup","decl":{"start":{"line":365,"column":2},"end":{"line":390,"column":3}},"loc":{"start":{"line":365,"column":2},"end":{"line":390,"column":3}},"line":365},"36":{"name":"getPath","decl":{"start":{"line":371,"column":21},"end":{"line":385,"column":5}},"loc":{"start":{"line":371,"column":21},"end":{"line":385,"column":5}},"line":371},"37":{"name":"bulkUpsertVectors","decl":{"start":{"line":392,"column":2},"end":{"line":445,"column":3}},"loc":{"start":{"line":392,"column":2},"end":{"line":445,"column":3}},"line":392},"38":{"name":"runAsync","decl":{"start":{"line":393,"column":21},"end":{"line":398,"column":6}},"loc":{"start":{"line":393,"column":21},"end":{"line":398,"column":6}},"line":393},"39":{"name":"getAsync","decl":{"start":{"line":399,"column":21},"end":{"line":404,"column":6}},"loc":{"start":{"line":399,"column":21},"end":{"line":404,"column":6}},"line":399},"40":{"name":"upsertVector","decl":{"start":{"line":447,"column":2},"end":{"line":491,"column":3}},"loc":{"start":{"line":447,"column":2},"end":{"line":491,"column":3}},"line":447},"41":{"name":"getConfig","decl":{"start":{"line":493,"column":2},"end":{"line":510,"column":3}},"loc":{"start":{"line":493,"column":2},"end":{"line":510,"column":3}},"line":493},"42":{"name":"_handleVectorDbFatalError","decl":{"start":{"line":512,"column":2},"end":{"line":525,"column":3}},"loc":{"start":{"line":512,"column":2},"end":{"line":525,"column":3}},"line":512},"43":{"name":"generateEmbeddings","decl":{"start":{"line":527,"column":2},"end":{"line":726,"column":3}},"loc":{"start":{"line":527,"column":2},"end":{"line":726,"column":3}},"line":527}},"f":{"0":29,"1":20,"2":0,"3":0,"4":0,"5":0,"6":0,"7":0,"8":0,"9":0,"10":0,"11":0,"12":0,"13":0,"14":0,"15":0,"16":1,"17":0,"18":0,"19":20,"20":20,"21":20,"22":0,"23":0,"24":0,"25":0,"26":0,"27":0,"28":8,"29":4,"30":1,"31":1,"32":1,"33":1,"34":3,"35":9,"36":8,"37":5,"38":27,"39":6,"40":0,"41":10,"42":1,"43":9}}
}
