TN:
SF:src/index.js
FN:241,send401
FN:294,onAuthSuccess
FN:540,setHeaders
FN:877,runSyncCycle
FN:1113,startSync
FNF:5
FNH:5
FNDA:4,send401
FNDA:5,onAuthSuccess
FNDA:3,setHeaders
FNDA:6,runSyncCycle
FNDA:3,startSync
DA:1,1
DA:2,1
DA:3,1269
DA:4,12
DA:5,12
DA:6,1269
DA:7,1
DA:8,1
DA:9,1
DA:10,1
DA:11,1
DA:12,1
DA:13,1
DA:14,1
DA:15,1
DA:16,1
DA:17,1
DA:18,1
DA:19,1
DA:20,1
DA:21,1
DA:22,1
DA:23,1
DA:24,1
DA:25,0
DA:26,0
DA:27,0
DA:28,0
DA:29,0
DA:30,0
DA:31,0
DA:32,0
DA:33,1
DA:34,1
DA:35,1
DA:36,1
DA:37,1
DA:38,1
DA:39,1
DA:40,1
DA:41,1
DA:42,1
DA:43,1
DA:44,1
DA:45,1
DA:46,1
DA:47,1
DA:48,1
DA:49,1
DA:50,1
DA:51,1
DA:52,1
DA:53,37
DA:54,5
DA:55,5
DA:56,2
DA:57,2
DA:58,2
DA:59,2
DA:60,5
DA:61,5
DA:62,32
DA:63,1
DA:64,1
DA:65,1
DA:66,1
DA:67,1
DA:68,1
DA:69,1
DA:70,1
DA:71,0
DA:72,0
DA:73,0
DA:74,0
DA:75,0
DA:76,0
DA:77,0
DA:78,0
DA:79,0
DA:80,0
DA:81,0
DA:82,0
DA:83,0
DA:84,0
DA:85,1
DA:86,1
DA:87,1
DA:88,1
DA:89,1
DA:90,1
DA:91,1
DA:92,1
DA:93,18
DA:94,18
DA:95,1
DA:96,1
DA:97,1
DA:98,19
DA:99,19
DA:100,19
DA:101,0
DA:102,0
DA:103,0
DA:104,0
DA:105,0
DA:106,0
DA:107,0
DA:108,0
DA:109,1
DA:110,0
DA:111,1
DA:112,1
DA:113,1
DA:114,1
DA:115,1
DA:116,1
DA:117,1
DA:118,0
DA:119,0
DA:120,0
DA:121,0
DA:122,0
DA:123,0
DA:124,0
DA:125,1
DA:126,0
DA:127,0
DA:128,1
DA:129,1
DA:130,1
DA:131,1
DA:132,1
DA:133,1
DA:134,1
DA:135,1
DA:136,1
DA:137,1
DA:138,1
DA:139,1
DA:140,1
DA:141,1
DA:142,1
DA:143,1
DA:144,1
DA:145,1
DA:146,1
DA:147,1
DA:148,1
DA:149,1
DA:150,1
DA:151,1
DA:152,1
DA:153,1
DA:154,1
DA:155,1
DA:156,1
DA:157,1
DA:158,1
DA:159,1
DA:160,1
DA:161,1
DA:162,1
DA:163,1
DA:164,1
DA:165,1
DA:166,1
DA:167,1
DA:168,1
DA:169,1
DA:170,1
DA:171,1
DA:172,1
DA:173,1
DA:174,1
DA:175,1
DA:176,1
DA:177,1
DA:178,1
DA:179,1
DA:180,1
DA:181,1
DA:182,1
DA:183,1
DA:184,1
DA:185,1
DA:186,1
DA:187,1
DA:188,1
DA:189,1
DA:190,1
DA:191,1
DA:192,1
DA:193,1
DA:194,1
DA:195,1
DA:196,1
DA:197,1
DA:198,1
DA:199,1
DA:200,1
DA:201,1
DA:202,1
DA:203,0
DA:204,0
DA:205,0
DA:206,0
DA:207,0
DA:208,0
DA:209,0
DA:210,0
DA:211,1
DA:212,1
DA:213,1
DA:214,31
DA:215,31
DA:216,0
DA:217,0
DA:218,31
DA:219,31
DA:220,31
DA:221,31
DA:222,3
DA:223,3
DA:224,28
DA:225,28
DA:226,28
DA:227,28
DA:228,28
DA:229,28
DA:230,20
DA:231,20
DA:232,20
DA:233,20
DA:234,3
DA:235,3
DA:236,20
DA:237,0
DA:238,20
DA:239,20
DA:240,28
DA:241,28
DA:242,4
DA:243,4
DA:244,0
DA:245,0
DA:246,4
DA:247,28
DA:248,28
DA:249,28
DA:250,29
DA:251,2
DA:252,2
DA:253,26
DA:254,26
DA:255,27
DA:256,0
DA:257,0
DA:258,26
DA:259,26
DA:260,26
DA:261,26
DA:262,27
DA:263,12
DA:264,12
DA:265,12
DA:266,12
DA:267,12
DA:268,14
DA:269,14
DA:270,14
DA:271,14
DA:272,14
DA:273,14
DA:274,31
DA:275,31
DA:276,31
DA:277,31
DA:278,31
DA:279,31
DA:280,8
DA:281,7
DA:282,7
DA:283,8
DA:284,1
DA:285,1
DA:286,8
DA:287,6
DA:288,6
DA:289,18
DA:290,0
DA:291,0
DA:292,0
DA:293,6
DA:294,6
DA:295,5
DA:296,5
DA:297,5
DA:298,5
DA:299,5
DA:300,5
DA:301,5
DA:302,5
DA:303,5
DA:304,5
DA:305,0
DA:306,0
DA:307,0
DA:308,0
DA:309,0
DA:310,5
DA:311,5
DA:312,5
DA:313,2
DA:314,2
DA:315,2
DA:316,2
DA:317,0
DA:318,0
DA:319,0
DA:320,0
DA:321,0
DA:322,0
DA:323,2
DA:324,2
DA:325,2
DA:326,5
DA:327,6
DA:328,6
DA:329,6
DA:330,31
DA:331,31
DA:332,6
DA:333,5
DA:334,6
DA:335,1
DA:336,1
DA:337,1
DA:338,1
DA:339,6
DA:340,0
DA:341,0
DA:342,0
DA:343,0
DA:344,0
DA:345,0
DA:346,0
DA:347,0
DA:348,0
DA:349,0
DA:350,0
DA:351,0
DA:352,0
DA:353,0
DA:354,0
DA:355,0
DA:356,31
DA:357,0
DA:358,0
DA:359,0
DA:360,1
DA:361,1
DA:362,1
DA:363,1
DA:364,1
DA:365,1
DA:366,1
DA:367,1
DA:368,1
DA:369,1
DA:370,0
DA:371,0
DA:372,0
DA:373,0
DA:374,0
DA:375,0
DA:376,0
DA:377,0
DA:378,0
DA:379,0
DA:380,0
DA:381,0
DA:382,0
DA:383,0
DA:384,0
DA:385,0
DA:386,0
DA:387,0
DA:388,0
DA:389,0
DA:390,1
DA:391,1
DA:392,1
DA:393,0
DA:394,0
DA:395,0
DA:396,0
DA:397,0
DA:398,0
DA:399,0
DA:400,0
DA:401,0
DA:402,0
DA:403,0
DA:404,0
DA:405,0
DA:406,0
DA:407,0
DA:408,0
DA:409,1
DA:410,1
DA:411,1
DA:412,0
DA:413,0
DA:414,0
DA:415,0
DA:416,0
DA:417,0
DA:418,0
DA:419,0
DA:420,0
DA:421,0
DA:422,0
DA:423,0
DA:424,0
DA:425,0
DA:426,0
DA:427,0
DA:428,0
DA:429,0
DA:430,0
DA:431,0
DA:432,0
DA:433,0
DA:434,0
DA:435,0
DA:436,0
DA:437,0
DA:438,0
DA:439,0
DA:440,0
DA:441,0
DA:442,0
DA:443,0
DA:444,0
DA:445,0
DA:446,0
DA:447,0
DA:448,0
DA:449,0
DA:450,0
DA:451,1
DA:452,1
DA:453,1
DA:454,0
DA:455,0
DA:456,0
DA:457,0
DA:458,0
DA:459,0
DA:460,0
DA:461,0
DA:462,0
DA:463,0
DA:464,0
DA:465,0
DA:466,0
DA:467,0
DA:468,0
DA:469,0
DA:470,0
DA:471,0
DA:472,0
DA:473,0
DA:474,0
DA:475,0
DA:476,0
DA:477,0
DA:478,0
DA:479,0
DA:480,0
DA:481,0
DA:482,0
DA:483,0
DA:484,0
DA:485,0
DA:486,0
DA:487,1
DA:488,1
DA:489,1
DA:490,0
DA:491,0
DA:492,0
DA:493,0
DA:494,0
DA:495,0
DA:496,0
DA:497,0
DA:498,0
DA:499,0
DA:500,0
DA:501,0
DA:502,0
DA:503,0
DA:504,0
DA:505,0
DA:506,0
DA:507,0
DA:508,0
DA:509,0
DA:510,0
DA:511,0
DA:512,0
DA:513,0
DA:514,0
DA:515,0
DA:516,0
DA:517,1
DA:518,1
DA:519,1
DA:520,0
DA:521,0
DA:522,0
DA:523,0
DA:524,0
DA:525,0
DA:526,0
DA:527,0
DA:528,0
DA:529,0
DA:530,0
DA:531,0
DA:532,0
DA:533,0
DA:534,0
DA:535,0
DA:536,0
DA:537,1
DA:538,1
DA:539,1
DA:540,1
DA:541,3
DA:542,3
DA:543,3
DA:544,3
DA:545,3
DA:546,3
DA:547,1
DA:548,1
DA:549,1
DA:550,0
DA:551,0
DA:552,0
DA:553,0
DA:554,1
DA:555,1
DA:556,1
DA:557,17
DA:558,17
DA:559,14
DA:560,14
DA:561,14
DA:562,14
DA:563,14
DA:564,14
DA:565,14
DA:566,0
DA:567,0
DA:568,0
DA:569,14
DA:570,17
DA:571,17
DA:572,2
DA:573,2
DA:574,2
DA:575,2
DA:576,2
DA:577,2
DA:578,2
DA:579,17
DA:580,17
DA:581,1
DA:582,1
DA:583,2
DA:584,2
DA:585,2
DA:586,2
DA:587,2
DA:588,2
DA:589,2
DA:590,2
DA:591,2
DA:592,0
DA:593,0
DA:594,2
DA:595,2
DA:596,1
DA:597,1
DA:598,1
DA:599,1
DA:600,1
DA:601,1
DA:602,1
DA:603,1
DA:604,1
DA:605,1
DA:606,3
DA:607,3
DA:608,3
DA:609,3
DA:610,1
DA:611,1
DA:612,1
DA:613,1
DA:614,0
DA:615,0
DA:616,0
DA:617,1
DA:618,3
DA:619,1
DA:620,1
DA:621,2
DA:622,2
DA:623,2
DA:624,2
DA:625,2
DA:626,0
DA:627,0
DA:628,2
DA:629,2
DA:630,0
DA:631,0
DA:632,2
DA:633,3
DA:634,0
DA:635,0
DA:636,2
DA:637,2
DA:638,2
DA:639,2
DA:640,2
DA:641,2
DA:642,2
DA:643,3
DA:644,0
DA:645,0
DA:646,0
DA:647,0
DA:648,0
DA:649,0
DA:650,2
DA:651,2
DA:652,2
DA:653,2
DA:654,2
DA:655,2
DA:656,2
DA:657,0
DA:658,2
DA:659,2
DA:660,3
DA:661,0
DA:662,0
DA:663,0
DA:664,0
DA:665,0
DA:666,3
DA:667,3
DA:668,0
DA:669,0
DA:670,2
DA:671,3
DA:672,2
DA:673,2
DA:674,2
DA:675,2
DA:676,2
DA:677,2
DA:678,2
DA:679,2
DA:680,2
DA:681,2
DA:682,3
DA:683,3
DA:684,3
DA:685,3
DA:686,0
DA:687,0
DA:688,2
DA:689,2
DA:690,2
DA:691,2
DA:692,2
DA:693,0
DA:694,0
DA:695,0
DA:696,0
DA:697,0
DA:698,2
DA:699,3
DA:700,3
DA:701,3
DA:702,3
DA:703,3
DA:704,3
DA:705,1
DA:706,1
DA:707,1
DA:708,1
DA:709,1
DA:710,1
DA:711,2
DA:712,2
DA:713,0
DA:714,0
DA:715,2
DA:716,3
DA:717,1
DA:718,1
DA:719,1
DA:720,1
DA:721,1
DA:722,1
DA:723,0
DA:724,0
DA:725,1
DA:726,2
DA:727,2
DA:728,3
DA:729,0
DA:730,0
DA:731,2
DA:732,2
DA:733,2
DA:734,2
DA:735,2
DA:736,2
DA:737,2
DA:738,2
DA:739,2
DA:740,2
DA:741,2
DA:742,3
DA:743,3
DA:744,3
DA:745,3
DA:746,3
DA:747,3
DA:748,3
DA:749,3
DA:750,0
DA:751,0
DA:752,2
DA:753,2
DA:754,1
DA:755,1
DA:756,1
DA:757,1
DA:758,1
DA:759,1
DA:760,1
DA:761,1
DA:762,1
DA:763,1
DA:764,1
DA:765,1
DA:766,1
DA:767,1
DA:768,1
DA:769,0
DA:770,0
DA:771,0
DA:772,0
DA:773,0
DA:774,0
DA:775,0
DA:776,1
DA:777,1
DA:778,1
DA:779,1
DA:780,1
DA:781,1
DA:782,1
DA:783,1
DA:784,1
DA:785,1
DA:786,1
DA:787,1
DA:788,1
DA:789,1
DA:790,1
DA:791,1
DA:792,1
DA:793,1
DA:794,1
DA:795,1
DA:796,1
DA:797,1
DA:798,1
DA:799,1
DA:800,1
DA:801,1
DA:802,0
DA:803,0
DA:804,1
DA:805,1
DA:806,1
DA:807,1
DA:808,1
DA:809,1
DA:810,1
DA:811,1
DA:812,1
DA:813,1
DA:814,1
DA:815,1
DA:816,1
DA:817,1
DA:818,1
DA:819,1
DA:820,1
DA:821,1
DA:822,0
DA:823,0
DA:824,1
DA:825,0
DA:826,0
DA:827,1
DA:828,1
DA:829,1
DA:830,1
DA:831,1
DA:832,1
DA:833,1
DA:834,1
DA:835,0
DA:836,0
DA:837,1
DA:838,1
DA:839,1
DA:840,0
DA:841,0
DA:842,0
DA:843,0
DA:844,0
DA:845,0
DA:846,0
DA:847,0
DA:848,0
DA:849,0
DA:850,0
DA:851,0
DA:852,0
DA:853,0
DA:854,0
DA:855,0
DA:856,0
DA:857,0
DA:858,0
DA:859,0
DA:860,0
DA:861,0
DA:862,0
DA:863,0
DA:864,0
DA:865,0
DA:866,0
DA:867,0
DA:868,0
DA:869,0
DA:870,0
DA:871,0
DA:872,0
DA:873,1
DA:874,1
DA:875,1
DA:876,1
DA:877,6
DA:878,6
DA:879,6
DA:880,6
DA:881,6
DA:882,6
DA:883,6
DA:884,4
DA:885,4
DA:886,4
DA:887,4
DA:888,4
DA:889,4
DA:890,4
DA:891,4
DA:892,4
DA:893,1
DA:894,1
DA:895,1
DA:896,1
DA:897,1
DA:898,1
DA:899,1
DA:900,1
DA:901,1
DA:902,4
DA:903,4
DA:904,0
DA:905,0
DA:906,0
DA:907,0
DA:908,4
DA:909,4
DA:910,4
DA:911,4
DA:912,4
DA:913,4
DA:914,4
DA:915,4
DA:916,4
DA:917,4
DA:918,4
DA:919,1
DA:920,0
DA:921,1
DA:922,1
DA:923,1
DA:924,4
DA:925,4
DA:926,4
DA:927,2
DA:928,4
DA:929,4
DA:930,4
DA:931,4
DA:932,4
DA:933,4
DA:934,4
DA:935,0
DA:936,0
DA:937,4
DA:938,4
DA:939,0
DA:940,0
DA:941,4
DA:942,4
DA:943,4
DA:944,4
DA:945,4
DA:946,4
DA:947,4
DA:948,4
DA:949,0
DA:950,0
DA:951,4
DA:952,4
DA:953,4
DA:954,4
DA:955,4
DA:956,4
DA:957,4
DA:958,4
DA:959,0
DA:960,0
DA:961,4
DA:962,4
DA:963,4
DA:964,4
DA:965,4
DA:966,4
DA:967,4
DA:968,4
DA:969,4
DA:970,4
DA:971,2
DA:972,2
DA:973,2
DA:974,2
DA:975,2
DA:976,2
DA:977,2
DA:978,3
DA:979,2
DA:980,2
DA:981,1
DA:982,1
DA:983,1
DA:984,1
DA:985,2
DA:986,3
DA:987,2
DA:988,2
DA:989,2
DA:990,2
DA:991,0
DA:992,0
DA:993,2
DA:994,0
DA:995,0
DA:996,0
DA:997,2
DA:998,2
DA:999,2
DA:1000,2
DA:1001,2
DA:1002,4
DA:1003,4
DA:1004,3
DA:1005,3
DA:1006,2
DA:1007,2
DA:1008,2
DA:1009,1
DA:1010,1
DA:1011,1
DA:1012,1
DA:1013,1
DA:1014,1
DA:1015,1
DA:1016,1
DA:1017,1
DA:1018,1
DA:1019,1
DA:1020,1
DA:1021,1
DA:1022,1
DA:1023,3
DA:1024,1
DA:1025,1
DA:1026,1
DA:1027,0
DA:1028,0
DA:1029,1
DA:1030,0
DA:1031,0
DA:1032,1
DA:1033,3
DA:1034,3
DA:1035,4
DA:1036,3
DA:1037,3
DA:1038,3
DA:1039,3
DA:1040,3
DA:1041,3
DA:1042,3
DA:1043,3
DA:1044,3
DA:1045,3
DA:1046,3
DA:1047,3
DA:1048,3
DA:1049,3
DA:1050,3
DA:1051,4
DA:1052,4
DA:1053,0
DA:1054,0
DA:1055,0
DA:1056,0
DA:1057,0
DA:1058,0
DA:1059,0
DA:1060,1
DA:1061,1
DA:1062,1
DA:1063,1
DA:1064,0
DA:1065,0
DA:1066,1
DA:1067,0
DA:1068,0
DA:1069,1
DA:1070,0
DA:1071,0
DA:1072,1
DA:1073,0
DA:1074,0
DA:1075,1
DA:1076,1
DA:1077,1
DA:1078,1
DA:1079,1
DA:1080,1
DA:1081,1
DA:1082,0
DA:1083,0
DA:1084,0
DA:1085,1
DA:1086,1
DA:1087,1
DA:1088,1
DA:1089,1
DA:1090,1
DA:1091,0
DA:1092,0
DA:1093,0
DA:1094,0
DA:1095,0
DA:1096,1
DA:1097,1
DA:1098,1
DA:1099,0
DA:1100,0
DA:1101,1
DA:1102,4
DA:1103,4
DA:1104,4
DA:1105,6
DA:1106,1
DA:1107,1
DA:1108,1
DA:1109,1
DA:1110,1
DA:1111,1
DA:1112,1
DA:1113,3
DA:1114,3
DA:1115,3
DA:1116,0
DA:1117,0
DA:1118,3
DA:1119,3
DA:1120,3
DA:1121,1
DA:1122,1
DA:1123,3
DA:1124,3
DA:1125,3
DA:1126,1
DA:1127,1
DA:1128,1
DA:1129,1
DA:1130,1
DA:1131,1
DA:1132,1
DA:1133,1
DA:1134,1
DA:1135,1
DA:1136,1
DA:1137,0
DA:1138,0
DA:1139,0
DA:1140,0
DA:1141,0
DA:1142,0
DA:1143,0
DA:1144,0
DA:1145,0
DA:1146,0
DA:1147,0
DA:1148,0
DA:1149,0
DA:1150,0
DA:1151,0
DA:1152,1
DA:1153,1
DA:1154,0
DA:1155,0
DA:1156,0
DA:1157,0
DA:1158,0
DA:1159,0
DA:1160,0
DA:1161,1
DA:1162,1
DA:1163,0
DA:1164,1
DA:1165,1
DA:1166,1
DA:1167,1
DA:1168,1
DA:1169,0
DA:1170,0
DA:1171,1
DA:1172,0
DA:1173,1
DA:1174,1
DA:1175,0
DA:1176,0
DA:1177,0
DA:1178,0
DA:1179,0
DA:1180,0
DA:1181,0
DA:1182,0
DA:1183,0
DA:1184,0
DA:1185,0
DA:1186,0
DA:1187,0
DA:1188,0
DA:1189,0
DA:1190,0
DA:1191,0
DA:1192,0
DA:1193,0
DA:1194,1
DA:1195,1
DA:1196,1
DA:1197,0
DA:1198,0
DA:1199,0
DA:1200,0
DA:1201,1
DA:1202,1
DA:1203,1
DA:1204,1
LF:1204
LH:771
BRDA:2,0,0,1269
BRDA:3,1,0,12
BRDA:24,2,0,0
BRDA:92,3,0,18
BRDA:97,4,0,19
BRDA:97,5,0,19
BRDA:100,6,0,0
BRDA:109,7,0,1
BRDA:109,8,0,0
BRDA:109,9,0,0
BRDA:117,10,0,0
BRDA:125,11,0,0
BRDA:1130,12,0,1
BRDA:1174,13,0,19
BRDA:1174,14,0,17
BRDA:1174,15,0,0
BRDA:1174,16,0,0
BRDA:1196,17,0,0
BRDA:52,18,0,37
BRDA:53,19,0,36
BRDA:53,20,0,35
BRDA:53,21,0,32
BRDA:53,22,0,5
BRDA:55,23,0,2
BRDA:56,24,0,0
BRDA:61,25,0,32
BRDA:130,26,0,1
BRDA:213,27,0,31
BRDA:215,28,0,0
BRDA:221,29,0,3
BRDA:221,30,0,30
BRDA:221,31,0,3
BRDA:223,32,0,28
BRDA:226,33,0,25
BRDA:229,34,0,20
BRDA:233,35,0,3
BRDA:233,36,0,3
BRDA:236,37,0,0
BRDA:239,38,0,29
BRDA:239,39,0,28
BRDA:250,40,0,2
BRDA:252,41,0,27
BRDA:252,42,0,26
BRDA:255,43,0,0
BRDA:257,44,0,26
BRDA:262,45,0,25
BRDA:262,46,0,24
BRDA:262,47,0,12
BRDA:267,48,0,14
BRDA:274,49,0,8
BRDA:275,50,0,7
BRDA:277,51,0,7
BRDA:277,52,0,7
BRDA:279,53,0,27
BRDA:279,54,0,8
BRDA:280,55,0,7
BRDA:283,56,0,1
BRDA:286,57,0,18
BRDA:286,58,0,6
BRDA:289,59,0,0
BRDA:292,60,0,7
BRDA:292,61,0,6
BRDA:330,62,0,5
BRDA:330,63,0,5
BRDA:331,64,0,18
BRDA:331,65,0,6
BRDA:332,66,0,5
BRDA:334,67,0,1
BRDA:336,68,0,0
BRDA:339,69,0,0
BRDA:356,70,0,0
BRDA:241,71,0,4
BRDA:243,72,0,0
BRDA:294,73,0,5
BRDA:304,74,0,0
BRDA:312,75,0,2
BRDA:312,76,0,2
BRDA:313,77,0,0
BRDA:313,78,0,0
BRDA:540,79,0,3
BRDA:556,80,0,17
BRDA:558,81,0,14
BRDA:565,82,0,0
BRDA:571,83,0,14
BRDA:571,84,0,2
BRDA:571,85,0,2
BRDA:572,86,0,0
BRDA:582,87,0,2
BRDA:588,88,0,0
BRDA:591,89,0,0
BRDA:595,90,0,1
BRDA:605,91,0,3
BRDA:609,92,0,1
BRDA:613,93,0,0
BRDA:618,94,0,2
BRDA:618,95,0,1
BRDA:620,96,0,2
BRDA:625,97,0,0
BRDA:629,98,0,0
BRDA:633,99,0,1
BRDA:633,100,0,2
BRDA:633,101,0,0
BRDA:643,102,0,2
BRDA:643,103,0,0
BRDA:660,104,0,0
BRDA:667,105,0,2
BRDA:667,106,0,0
BRDA:671,107,0,0
BRDA:671,108,0,2
BRDA:683,109,0,0
BRDA:685,110,0,0
BRDA:685,111,0,2
BRDA:685,112,0,0
BRDA:692,113,0,0
BRDA:699,114,0,1
BRDA:702,115,0,2
BRDA:704,116,0,2
BRDA:704,117,0,1
BRDA:712,118,0,0
BRDA:716,119,0,2
BRDA:716,120,0,2
BRDA:716,121,0,1
BRDA:720,122,0,0
BRDA:722,123,0,0
BRDA:728,124,0,0
BRDA:728,125,0,2
BRDA:728,126,0,0
BRDA:742,127,0,1
BRDA:743,128,0,2
BRDA:749,129,0,2
BRDA:749,130,0,0
BRDA:753,131,0,1
BRDA:763,132,0,1
BRDA:778,133,0,1
BRDA:784,134,0,0
BRDA:790,135,0,0
BRDA:801,136,0,0
BRDA:806,137,0,1
BRDA:812,138,0,0
BRDA:821,139,0,0
BRDA:824,140,0,0
BRDA:816,141,0,1
BRDA:877,142,0,6
BRDA:878,143,0,0
BRDA:879,144,0,0
BRDA:880,145,0,0
BRDA:883,146,0,4
BRDA:887,147,0,3
BRDA:926,148,0,2
BRDA:934,149,0,0
BRDA:938,150,0,0
BRDA:942,151,0,1
BRDA:946,152,0,0
BRDA:948,153,0,0
BRDA:958,154,0,0
BRDA:958,155,0,0
BRDA:970,156,0,2
BRDA:977,157,0,0
BRDA:977,158,0,3
BRDA:978,159,0,2
BRDA:980,160,0,1
BRDA:990,161,0,0
BRDA:993,162,0,0
BRDA:1003,163,0,1
BRDA:1003,164,0,3
BRDA:1005,165,0,2
BRDA:1008,166,0,1
BRDA:1023,167,0,1
BRDA:1026,168,0,0
BRDA:1029,169,0,0
BRDA:1035,170,0,3
BRDA:1052,171,0,1
BRDA:1052,172,0,0
BRDA:1063,173,0,0
BRDA:1066,174,0,0
BRDA:1069,175,0,0
BRDA:1072,176,0,0
BRDA:1081,177,0,0
BRDA:1090,178,0,0
BRDA:1098,179,0,0
BRDA:892,180,0,1
BRDA:918,181,0,1
BRDA:919,182,0,0
BRDA:1113,183,0,3
BRDA:1115,184,0,0
BRDA:1120,185,0,1
BRDA:1131,186,0,1
BRDA:1136,187,0,0
BRDA:1153,188,0,0
BRDA:1153,189,0,0
BRDA:1162,190,0,0
BRDA:1168,191,0,0
BRF:192
BRH:114
end_of_record
TN:
SF:src/network.js
FN:5,makeRequest
FN:10,safeUrl
FN:22,fetchWithTimeout
FN:35,validateJoplinSession
FN:43,fetchJoplinEvents
FN:50,checkJoplinSyncInfo
FN:57,triggerInternalEmbedding
FNF:7
FNH:7
FNDA:31,makeRequest
FNDA:31,safeUrl
FNDA:4,fetchWithTimeout
FNDA:4,validateJoplinSession
FNDA:3,fetchJoplinEvents
FNDA:4,checkJoplinSyncInfo
FNDA:16,triggerInternalEmbedding
DA:1,1
DA:2,1
DA:3,1
DA:4,1
DA:5,31
DA:6,31
DA:7,31
DA:8,31
DA:9,1
DA:10,31
DA:11,31
DA:12,31
DA:13,31
DA:14,0
DA:15,0
DA:16,31
DA:17,31
DA:18,0
DA:19,0
DA:20,31
DA:21,1
DA:22,4
DA:23,4
DA:24,4
DA:25,4
DA:26,4
DA:27,4
DA:28,4
DA:29,4
DA:30,0
DA:31,0
DA:32,0
DA:33,4
DA:34,1
DA:35,4
DA:36,4
DA:37,4
DA:38,4
DA:39,4
DA:40,4
DA:41,4
DA:42,1
DA:43,3
DA:44,3
DA:45,3
DA:46,3
DA:47,3
DA:48,3
DA:49,1
DA:50,4
DA:51,4
DA:52,4
DA:53,4
DA:54,4
DA:55,4
DA:56,1
DA:57,16
DA:58,16
DA:59,16
DA:60,16
DA:61,16
DA:62,16
DA:63,16
DA:64,1
DA:65,1
DA:66,1
DA:67,1
DA:68,1
DA:69,1
DA:70,1
DA:71,1
LF:71
LH:64
BRDA:5,0,0,31
BRDA:10,1,0,31
BRDA:13,2,0,0
BRDA:13,3,0,0
BRDA:17,4,0,0
BRDA:22,5,0,4
BRDA:29,6,0,0
BRDA:35,7,0,4
BRDA:43,8,0,3
BRDA:44,9,0,2
BRDA:44,10,0,1
BRDA:50,11,0,4
BRDA:57,12,0,16
BRF:13
BRH:9
end_of_record
TN:
SF:src/sync.js
FN:19,JoplinSyncClient
FN:33,init
FN:50,debug
FN:51,info
FN:52,warn
FN:53,error
FN:58,setLevel
FN:102,trapError
FN:110,logger.error
FN:111,logger.warn
FN:112,logger.info
FN:117,debug
FN:118,info
FN:119,warn
FN:120,error
FN:125,setLevel
FN:132,getState
FN:132,dispatch
FN:138,get name
FN:139,get appId
FN:140,get clientId
FN:141,supported
FN:144,setPassword
FN:149,password
FN:154,deletePassword
FN:159,detectIfMacOsKeychainBug
FN:182,BaseItem.revisionService
FN:210,synchronizer.dispatch
FN:227,sync
FN:280,interceptLog
FN:287,console.error
FN:288,console.warn
FN:289,console.log
FN:290,console.info
FN:324,decrypt
FN:365,buildFolderPathLookup
FN:371,getPath
FN:392,bulkUpsertVectors
FN:393,runAsync
FN:399,getAsync
FN:447,upsertVector
FN:493,getConfig
FN:512,_handleVectorDbFatalError
FN:527,generateEmbeddings
FNF:44
FNH:21
FNDA:29,JoplinSyncClient
FNDA:20,init
FNDA:0,debug
FNDA:0,info
FNDA:0,warn
FNDA:0,error
FNDA:0,setLevel
FNDA:0,trapError
FNDA:0,logger.error
FNDA:0,logger.warn
FNDA:0,logger.info
FNDA:0,debug
FNDA:0,info
FNDA:0,warn
FNDA:0,error
FNDA:0,setLevel
FNDA:1,getState
FNDA:0,dispatch
FNDA:0,get name
FNDA:20,get appId
FNDA:20,get clientId
FNDA:20,supported
FNDA:0,setPassword
FNDA:0,password
FNDA:0,deletePassword
FNDA:0,detectIfMacOsKeychainBug
FNDA:0,BaseItem.revisionService
FNDA:0,synchronizer.dispatch
FNDA:8,sync
FNDA:4,interceptLog
FNDA:1,console.error
FNDA:1,console.warn
FNDA:1,console.log
FNDA:1,console.info
FNDA:3,decrypt
FNDA:9,buildFolderPathLookup
FNDA:8,getPath
FNDA:5,bulkUpsertVectors
FNDA:27,runAsync
FNDA:6,getAsync
FNDA:0,upsertVector
FNDA:10,getConfig
FNDA:1,_handleVectorDbFatalError
FNDA:9,generateEmbeddings
DA:1,1
DA:2,1
DA:3,326
DA:4,15
DA:5,15
DA:6,326
DA:7,1
DA:8,1
DA:9,1
DA:10,1
DA:11,1
DA:12,1
DA:13,1
DA:14,1
DA:15,1
DA:16,1
DA:17,1
DA:18,1
DA:19,1
DA:20,29
DA:21,29
DA:22,29
DA:23,29
DA:24,29
DA:25,29
DA:26,29
DA:27,29
DA:28,29
DA:29,29
DA:30,29
DA:31,29
DA:32,1
DA:33,1
DA:34,20
DA:35,20
DA:36,20
DA:37,0
DA:38,0
DA:39,20
DA:40,20
DA:41,20
DA:42,20
DA:43,20
DA:44,20
DA:45,20
DA:46,20
DA:47,20
DA:48,20
DA:49,20
DA:50,20
DA:51,20
DA:52,20
DA:53,20
DA:54,0
DA:55,0
DA:56,0
DA:57,20
DA:58,20
DA:59,20
DA:60,20
DA:61,20
DA:62,20
DA:63,20
DA:64,20
DA:65,20
DA:66,20
DA:67,20
DA:68,20
DA:69,20
DA:70,20
DA:71,20
DA:72,20
DA:73,20
DA:74,20
DA:75,20
DA:76,20
DA:77,20
DA:78,20
DA:79,20
DA:80,20
DA:81,20
DA:82,20
DA:83,20
DA:84,20
DA:85,20
DA:86,20
DA:87,20
DA:88,20
DA:89,20
DA:90,20
DA:91,20
DA:92,20
DA:93,20
DA:94,20
DA:95,20
DA:96,20
DA:97,20
DA:98,20
DA:99,20
DA:100,20
DA:101,20
DA:102,20
DA:103,0
DA:104,0
DA:105,0
DA:106,0
DA:107,0
DA:108,20
DA:109,20
DA:110,20
DA:111,20
DA:112,20
DA:113,20
DA:114,20
DA:115,20
DA:116,20
DA:117,20
DA:118,20
DA:119,20
DA:120,20
DA:121,0
DA:122,0
DA:123,0
DA:124,20
DA:125,20
DA:126,20
DA:127,20
DA:128,20
DA:129,20
DA:130,20
DA:131,20
DA:132,20
DA:133,20
DA:134,20
DA:135,20
DA:136,20
DA:137,20
DA:138,20
DA:139,20
DA:140,20
DA:141,20
DA:142,20
DA:143,20
DA:144,20
DA:145,0
DA:146,0
DA:147,0
DA:148,20
DA:149,20
DA:150,0
DA:151,0
DA:152,0
DA:153,20
DA:154,20
DA:155,0
DA:156,0
DA:157,0
DA:158,20
DA:159,20
DA:160,20
DA:161,20
DA:162,20
DA:163,20
DA:164,20
DA:165,20
DA:166,20
DA:167,20
DA:168,20
DA:169,20
DA:170,20
DA:171,20
DA:172,20
DA:173,20
DA:174,20
DA:175,20
DA:176,20
DA:177,20
DA:178,20
DA:179,20
DA:180,20
DA:181,20
DA:182,20
DA:183,0
DA:184,0
DA:185,0
DA:186,0
DA:187,20
DA:188,20
DA:189,20
DA:190,20
DA:191,20
DA:192,20
DA:193,20
DA:194,20
DA:195,20
DA:196,20
DA:197,20
DA:198,20
DA:199,20
DA:200,20
DA:201,20
DA:202,20
DA:203,20
DA:204,20
DA:205,20
DA:206,20
DA:207,20
DA:208,20
DA:209,20
DA:210,20
DA:211,0
DA:212,0
DA:213,0
DA:214,0
DA:215,0
DA:216,20
DA:217,20
DA:218,20
DA:219,20
DA:220,1
DA:221,1
DA:222,1
DA:223,1
DA:224,1
DA:225,1
DA:226,1
DA:227,1
DA:228,8
DA:229,1
DA:230,1
DA:231,7
DA:232,7
DA:233,7
DA:234,7
DA:235,7
DA:236,8
DA:237,0
DA:238,0
DA:239,7
DA:240,7
DA:241,8
DA:242,8
DA:243,8
DA:244,0
DA:245,0
DA:246,0
DA:247,0
DA:248,0
DA:249,0
DA:250,0
DA:251,0
DA:252,0
DA:253,0
DA:254,0
DA:255,0
DA:256,0
DA:257,0
DA:258,0
DA:259,0
DA:260,0
DA:261,0
DA:262,0
DA:263,0
DA:264,0
DA:265,0
DA:266,0
DA:267,0
DA:268,8
DA:269,7
DA:270,7
DA:271,7
DA:272,7
DA:273,7
DA:274,7
DA:275,7
DA:276,7
DA:277,7
DA:278,7
DA:279,7
DA:280,7
DA:281,4
DA:282,4
DA:283,2
DA:284,2
DA:285,7
DA:286,7
DA:287,7
DA:288,7
DA:289,7
DA:290,7
DA:291,7
DA:292,7
DA:293,7
DA:294,5
DA:295,8
DA:296,3
DA:297,3
DA:298,8
DA:299,5
DA:300,5
DA:301,0
DA:302,0
DA:303,0
DA:304,0
DA:305,0
DA:306,0
DA:307,0
DA:308,0
DA:309,0
DA:310,0
DA:311,0
DA:312,0
DA:313,5
DA:314,5
DA:315,8
DA:316,7
DA:317,7
DA:318,7
DA:319,7
DA:320,7
DA:321,7
DA:322,8
DA:323,1
DA:324,1
DA:325,3
DA:326,1
DA:327,1
DA:328,1
DA:329,2
DA:330,2
DA:331,2
DA:332,2
DA:333,2
DA:334,2
DA:335,2
DA:336,2
DA:337,3
DA:338,0
DA:339,0
DA:340,0
DA:341,0
DA:342,0
DA:343,2
DA:344,2
DA:345,2
DA:346,2
DA:347,2
DA:348,2
DA:349,2
DA:350,0
DA:351,0
DA:352,2
DA:353,2
DA:354,2
DA:355,2
DA:356,2
DA:357,2
DA:358,2
DA:359,3
DA:360,0
DA:361,0
DA:362,2
DA:363,2
DA:364,1
DA:365,1
DA:366,9
DA:367,9
DA:368,8
DA:369,8
DA:370,9
DA:371,9
DA:372,8
DA:373,8
DA:374,8
DA:375,8
DA:376,8
DA:377,8
DA:378,0
DA:379,0
DA:380,8
DA:381,8
DA:382,8
DA:383,8
DA:384,8
DA:385,9
DA:386,9
DA:387,8
DA:388,8
DA:389,9
DA:390,9
DA:391,1
DA:392,1
DA:393,5
DA:394,27
DA:395,27
DA:396,27
DA:397,27
DA:398,5
DA:399,5
DA:400,6
DA:401,6
DA:402,6
DA:403,6
DA:404,5
DA:405,5
DA:406,5
DA:407,5
DA:408,5
DA:409,5
DA:410,5
DA:411,5
DA:412,5
DA:413,5
DA:414,5
DA:415,5
DA:416,5
DA:417,6
DA:418,6
DA:419,6
DA:420,6
DA:421,6
DA:422,6
DA:423,6
DA:424,0
DA:425,0
DA:426,0
DA:427,0
DA:428,6
DA:429,6
DA:430,6
DA:431,6
DA:432,6
DA:433,6
DA:434,5
DA:435,5
DA:436,5
DA:437,0
DA:438,0
DA:439,0
DA:440,0
DA:441,0
DA:442,0
DA:443,0
DA:444,0
DA:445,5
DA:446,1
DA:447,1
DA:448,0
DA:449,0
DA:450,0
DA:451,0
DA:452,0
DA:453,0
DA:454,0
DA:455,0
DA:456,0
DA:457,0
DA:458,0
DA:459,0
DA:460,0
DA:461,0
DA:462,0
DA:463,0
DA:464,0
DA:465,0
DA:466,0
DA:467,0
DA:468,0
DA:469,0
DA:470,0
DA:471,0
DA:472,0
DA:473,0
DA:474,0
DA:475,0
DA:476,0
DA:477,0
DA:478,0
DA:479,0
DA:480,0
DA:481,0
DA:482,0
DA:483,0
DA:484,0
DA:485,0
DA:486,0
DA:487,0
DA:488,0
DA:489,0
DA:490,0
DA:491,0
DA:492,1
DA:493,1
DA:494,10
DA:495,10
DA:496,10
DA:497,10
DA:498,2
DA:499,2
DA:500,2
DA:501,10
DA:502,0
DA:503,0
DA:504,10
DA:505,10
DA:506,10
DA:507,10
DA:508,10
DA:509,10
DA:510,10
DA:511,1
DA:512,1
DA:513,1
DA:514,1
DA:515,1
DA:516,1
DA:517,1
DA:518,1
DA:519,1
DA:520,1
DA:521,1
DA:522,0
DA:523,0
DA:524,1
DA:525,1
DA:526,1
DA:527,1
DA:528,9
DA:529,9
DA:530,9
DA:531,9
DA:532,9
DA:533,9
DA:534,9
DA:535,9
DA:536,9
DA:537,9
DA:538,9
DA:539,9
DA:540,9
DA:541,8
DA:542,8
DA:543,9
DA:544,9
DA:545,9
DA:546,9
DA:547,9
DA:548,9
DA:549,9
DA:550,9
DA:551,9
DA:552,0
DA:553,0
DA:554,0
DA:555,0
DA:556,0
DA:557,0
DA:558,0
DA:559,0
DA:560,0
DA:561,0
DA:562,0
DA:563,0
DA:564,0
DA:565,0
DA:566,0
DA:567,0
DA:568,0
DA:569,9
DA:570,9
DA:571,9
DA:572,9
DA:573,9
DA:574,0
DA:575,0
DA:576,0
DA:577,9
DA:578,0
DA:579,0
DA:580,9
DA:581,9
DA:582,9
DA:583,9
DA:584,9
DA:585,9
DA:586,9
DA:587,9
DA:588,9
DA:589,9
DA:590,9
DA:591,8
DA:592,8
DA:593,8
DA:594,8
DA:595,8
DA:596,8
DA:597,8
DA:598,8
DA:599,8
DA:600,0
DA:601,0
DA:602,0
DA:603,0
DA:604,0
DA:605,0
DA:606,0
DA:607,0
DA:608,0
DA:609,0
DA:610,0
DA:611,0
DA:612,0
DA:613,0
DA:614,0
DA:615,0
DA:616,0
DA:617,8
DA:618,8
DA:619,8
DA:620,8
DA:621,8
DA:622,8
DA:623,8
DA:624,8
DA:625,8
DA:626,1
DA:627,1
DA:628,1
DA:629,1
DA:630,7
DA:631,7
DA:632,7
DA:633,7
DA:634,7
DA:635,9
DA:636,9
DA:637,9
DA:638,9
DA:639,9
DA:640,9
DA:641,7
DA:642,7
DA:643,7
DA:644,7
DA:645,7
DA:646,8
DA:647,8
DA:648,8
DA:649,8
DA:650,8
DA:651,8
DA:652,2
DA:653,2
DA:654,2
DA:655,2
DA:656,2
DA:657,0
DA:658,0
DA:659,2
DA:660,8
DA:661,8
DA:662,8
DA:663,7
DA:664,7
DA:665,0
DA:666,0
DA:667,0
DA:668,0
DA:669,7
DA:670,7
DA:671,7
DA:672,7
DA:673,7
DA:674,7
DA:675,7
DA:676,16
DA:677,16
DA:678,16
DA:679,4
DA:680,15
DA:681,6
DA:682,6
DA:683,10
DA:684,10
DA:685,10
DA:686,10
DA:687,7
DA:688,1
DA:689,1
DA:690,1
DA:691,1
DA:692,1
DA:693,1
DA:694,6
DA:695,6
DA:696,6
DA:697,6
DA:698,6
DA:699,6
DA:700,6
DA:701,6
DA:702,6
DA:703,6
DA:704,7
DA:705,7
DA:706,7
DA:707,7
DA:708,7
DA:709,6
DA:710,0
DA:711,6
DA:712,6
DA:713,6
DA:714,6
DA:715,6
DA:716,6
DA:717,6
DA:718,6
DA:719,6
DA:720,6
DA:721,9
DA:722,2
DA:723,2
DA:724,2
DA:725,2
DA:726,9
DA:727,1
DA:728,1
DA:729,1
LF:729
LH:543
BRDA:2,0,0,326
BRDA:3,1,0,15
BRDA:19,2,0,29
BRDA:21,3,0,28
BRDA:22,4,0,7
BRDA:23,5,0,22
BRDA:24,6,0,7
BRDA:25,7,0,7
BRDA:26,8,0,7
BRDA:33,9,0,20
BRDA:36,10,0,0
BRDA:72,11,0,20
BRDA:73,12,0,20
BRDA:74,13,0,20
BRDA:75,14,0,0
BRDA:76,15,0,20
BRDA:76,16,0,0
BRDA:77,17,0,20
BRDA:77,18,0,0
BRDA:78,19,0,20
BRDA:78,20,0,0
BRDA:79,21,0,20
BRDA:79,22,0,0
BRDA:80,23,0,20
BRDA:81,24,0,0
BRDA:132,25,0,1
BRDA:139,26,0,20
BRDA:140,27,0,20
BRDA:141,28,0,20
BRDA:227,29,0,8
BRDA:228,30,0,1
BRDA:230,31,0,7
BRDA:236,32,0,0
BRDA:238,33,0,7
BRDA:240,34,0,0
BRDA:243,35,0,0
BRDA:243,36,0,0
BRDA:268,37,0,7
BRDA:293,38,0,5
BRDA:295,39,0,3
BRDA:298,40,0,5
BRDA:299,41,0,0
BRDA:300,42,0,0
BRDA:315,43,0,2
BRDA:315,44,0,7
BRDA:280,45,0,4
BRDA:282,46,0,2
BRDA:282,47,0,2
BRDA:282,48,0,2
BRDA:282,49,0,2
BRDA:281,50,0,4
BRDA:281,51,0,0
BRDA:281,52,0,0
BRDA:287,53,0,1
BRDA:288,54,0,1
BRDA:289,55,0,1
BRDA:290,56,0,1
BRDA:324,57,0,3
BRDA:325,58,0,1
BRDA:328,59,0,2
BRDA:337,60,0,0
BRDA:342,61,0,2
BRDA:349,62,0,0
BRDA:359,63,0,0
BRDA:361,64,0,2
BRDA:365,65,0,9
BRDA:367,66,0,8
BRDA:386,67,0,8
BRDA:371,68,0,8
BRDA:372,69,0,0
BRDA:373,70,0,0
BRDA:375,71,0,0
BRDA:377,72,0,0
BRDA:392,73,0,5
BRDA:406,74,0,0
BRDA:416,75,0,6
BRDA:423,76,0,0
BRDA:436,77,0,0
BRDA:393,78,0,27
BRDA:393,79,0,27
BRDA:394,80,0,27
BRDA:395,81,0,0
BRDA:399,82,0,6
BRDA:399,83,0,6
BRDA:400,84,0,6
BRDA:401,85,0,0
BRDA:493,86,0,10
BRDA:495,87,0,6
BRDA:497,88,0,2
BRDA:501,89,0,0
BRDA:505,90,0,9
BRDA:505,91,0,8
BRDA:505,92,0,7
BRDA:506,93,0,9
BRDA:506,94,0,8
BRDA:506,95,0,7
BRDA:512,96,0,1
BRDA:520,97,0,0
BRDA:521,98,0,0
BRDA:527,99,0,9
BRDA:551,100,0,0
BRDA:551,101,0,0
BRDA:573,102,0,0
BRDA:573,103,0,0
BRDA:577,104,0,0
BRDA:577,105,0,0
BRDA:590,106,0,8
BRDA:599,107,0,0
BRDA:625,108,0,1
BRDA:629,109,0,7
BRDA:640,110,0,8
BRDA:640,111,0,7
BRDA:645,112,0,8
BRDA:646,113,0,0
BRDA:650,114,0,7
BRDA:650,115,0,1
BRDA:651,116,0,2
BRDA:656,117,0,0
BRDA:664,118,0,0
BRDA:675,119,0,16
BRDA:677,120,0,10
BRDA:678,121,0,6
BRDA:678,122,0,15
BRDA:678,123,0,4
BRDA:680,124,0,6
BRDA:682,125,0,10
BRDA:687,126,0,6
BRDA:687,127,0,1
BRDA:688,128,0,0
BRDA:689,129,0,0
BRDA:691,130,0,0
BRDA:693,131,0,6
BRDA:716,132,0,6
BRDA:721,133,0,2
BRDA:535,134,0,9
BRDA:536,135,0,9
BRDA:540,136,0,8
BRDA:544,137,0,9
BRDA:544,138,0,0
BRDA:585,139,0,9
BRDA:586,140,0,9
BRDA:587,141,0,1
BRDA:587,142,0,8
BRDA:588,143,0,0
BRDA:590,144,0,1
BRDA:595,145,0,8
BRDA:620,146,0,8
BRDA:622,147,0,0
BRDA:683,148,0,10
BRDA:700,149,0,6
BRDA:703,150,0,7
BRDA:709,151,0,0
BRF:152
BRH:105
end_of_record
